26.425	2
80.921	3
90.367	3
119.999	3
93.615	3
34.521	2
121.218	3
21.405	2
37.331	2
18.517	2
18.157	2
108.661	3
56.872	3
88.450	3
7.800	1
91.156	3
35.868	2
123.219	3
95.453	3
86.261	3
87.303	3
62.236	3
38.960	2
67.036	3
12.535	2
14.357	2
6.047	1
118.948	3
129.555	3
80.162	3
119.938	3
32.156	2
92.552	3
109.710	3
126.936	3
139.637	3
26.444	2
62.110	3
111.575	3
60.315	3
13.674	2
122.132	3
131.541	3
118.031	3
94.853	3
125.488	3
88.156	3
99.770	3
52.407	3
44.257	3
139.414	3
105.300	3
61.400	3
106.534	3
16.359	2
50.238	3
19.217	2
29.728	2
107.835	3
125.355	3
36.839	2
14.835	2
108.274	3
89.053	3
136.254	3
40.327	3
91.372	3
89.087	3
0.908	1
32.376	2
21.612	2
106.942	3
14.729	2
114.651	3
18.461	2
55.372	3
0.794	1
91.390	3
58.220	3
18.039	2
67.170	3
3.728	1
76.022	3
65.022	3
110.556	3
76.961	3
53.713	3
129.061	3
54.364	3
23.607	2
118.261	3
126.251	3
115.068	3
11.025	2
33.792	2
2.120	1
65.021	3
30.949	2
58.456	3
126.802	3
44.140	3
5.480	1
91.872	3
8.959	1
44.212	3
128.014	3
46.608	3
14.205	2
86.358	3
5.137	1
77.895	3
26.483	2
74.669	3
113.485	3
113.272	3
61.120	3
117.867	3
9.031	1
45.444	3
114.916	3
111.933	3
8.614	1
1.769	1
9.931	1
35.504	2
97.092	3
15.888	2
135.014	3
0.942	1
3.420	1
13.112	2
35.470	2
94.398	3
2.978	1
12.318	2
115.237	3
27.081	2
135.095	3
32.399	2
14.149	2
21.661	2
75.534	3
17.478	2
127.155	3
33.525	2
3.557	1
67.235	3
9.958	1
49.152	3
32.472	2
80.806	3
28.617	2
81.825	3
121.371	3
43.133	3
111.283	3
96.802	3
37.710	2
41.316	3
21.997	2
40.529	3
13.294	2
19.533	2
124.129	3
9.321	1
27.117	2
96.103	3
1.270	1
12.465	2
30.059	2
105.697	3
80.481	3
69.642	3
109.792	3
97.966	3
3.473	1
57.148	3
2.702	1
8.302	1
34.451	2
43.936	3
0.336	1
43.304	3
68.766	3
97.210	3
104.364	3
28.874	2
80.313	3
9.118	1
24.171	2
122.394	3
32.945	2
85.536	3
2.596	1
44.578	3
22.127	2
27.983	2
76.032	3
51.594	3
52.440	3
91.249	3
33.369	2
63.721	3
49.709	3
71.858	3
90.808	3
92.154	3
56.719	3
25.578	2
2.909	1
5.091	1
40.887	3
25.528	2
81.186	3
52.439	3
98.312	3
108.977	3
99.697	3
31.246	2
110.443	3
130.017	3
133.061	3
35.705	2
18.646	2
10.658	2
21.768	2
42.438	3
85.050	3
58.004	3
110.266	3
44.473	3
134.726	3
8.408	1
45.869	3
4.615	1
8.741	1
130.244	3
122.294	3
132.252	3
23.007	2
30.203	2
24.455	2
12.187	2
135.641	3
83.108	3
10.682	2
37.776	2
24.420	2
69.934	3
44.373	3
126.434	3
133.229	3
93.918	3
51.054	3
98.720	3
19.081	2
104.821	3
137.952	3
124.538	3
15.123	2
23.194	2
9.044	1
30.911	2
125.073	3
75.097	3
90.190	3
118.367	3
135.122	3
103.190	3
86.381	3
56.287	3
70.259	3
10.633	2
139.802	3
1.990	1
61.895	3
5.051	1
108.760	3
127.506	3
90.237	3
121.389	3
4.045	1
32.922	2
55.114	3
41.771	3
9.873	1
32.178	2
131.910	3
70.569	3
26.566	2
128.927	3
138.770	3
82.895	3
27.233	2
115.111	3
15.753	2
12.562	2
9.687	1
101.179	3
14.762	2
31.303	2
5.075	1
59.752	3
138.342	3
5.604	1
109.951	3
123.622	3
57.457	3
71.126	3
137.770	3
30.829	2
109.683	3
124.882	3
49.873	3
11.041	2
32.390	2
40.231	3
71.177	3
86.418	3
79.659	3
85.570	3
111.220	3
49.471	3
99.987	3
9.623	1
110.514	3
60.713	3
125.253	3
93.709	3
115.891	3
57.591	3
10.942	2
107.551	3
13.375	2
139.736	3
115.123	3
27.729	2
16.671	2
70.584	3
96.792	3
7.470	1
28.558	2
5.339	1
12.736	2
124.503	3
121.711	3
88.790	3
105.602	3
44.126	3
80.159	3
58.308	3
79.707	3
95.122	3
135.683	3
29.660	2
122.659	3
98.092	3
91.607	3
31.327	2
90.122	3
18.489	2
9.351	1
11.030	2
116.099	3
21.180	2
14.914	2
3.077	1
94.095	3
25.694	2
117.710	3
113.875	3
33.753	2
110.936	3
33.209	2
93.490	3
77.216	3
120.299	3
104.599	3
55.343	3
131.530	3
121.514	3
24.640	2
87.133	3
44.639	3
85.052	3
32.494	2
17.887	2
1.418	1
58.344	3
3.962	1
17.118	2
127.872	3
34.814	2
106.030	3
136.885	3
23.232	2
7.349	1
92.426	3
113.450	3
52.722	3
17.904	2
39.893	2
113.612	3
87.761	3
90.931	3
78.283	3
111.997	3
81.231	3
96.194	3
96.662	3
2.708	1
71.865	3
129.920	3
4.111	1
122.240	3
2.089	1
15.234	2
90.771	3
76.210	3
36.421	2
114.092	3
61.438	3
24.614	2
65.646	3
91.331	3
34.481	2
64.412	3
132.335	3
34.189	2
28.120	2
90.646	3
13.964	2
18.913	2
111.291	3
14.037	2
58.255	3
116.842	3
118.460	3
23.569	2
54.423	3
33.908	2
77.787	3
19.689	2
10.871	2
78.898	3
63.377	3
12.459	2
86.316	3
101.561	3
47.226	3
46.188	3
43.786	3
90.678	3
55.120	3
133.731	3
107.712	3
27.523	2
139.072	3
26.709	2
65.205	3
110.885	3
5.565	1
97.164	3
58.612	3
127.596	3
36.584	2
22.728	2
20.629	2
63.081	3
120.457	3
80.422	3
108.050	3
114.939	3
30.312	2
35.108	2
86.336	3
38.438	2
108.468	3
6.170	1
135.969	3
50.386	3
27.077	2
65.564	3
63.841	3
32.526	2
21.098	2
107.642	3
76.707	3
117.310	3
128.348	3
16.212	2
70.574	3
94.098	3
107.614	3
5.495	1
23.876	2
121.819	3
33.329	2
34.456	2
52.552	3
61.844	3
15.782	2
10.792	2
57.002	3
62.422	3
25.893	2
104.365	3
74.929	3
10.598	2
22.584	2
104.216	3
5.091	1
112.742	3
38.036	2
98.302	3
99.057	3
40.480	3
139.928	3
84.922	3
72.621	3
109.990	3
84.381	3
10.107	2
123.281	3
101.321	3
139.148	3
119.294	3
72.742	3
5.694	1
63.694	3
65.698	3
126.602	3
35.160	2
49.943	3
6.562	1
114.987	3
86.788	3
17.967	2
44.832	3
84.187	3
59.498	3
40.899	3
57.805	3
29.982	2
82.395	3
134.343	3
134.826	3
70.170	3
5.627	1
65.774	3
3.558	1
35.934	2
57.395	3
26.631	2
10.275	2
85.788	3
6.692	1
57.968	3
84.702	3
29.435	2
1.015	1
3.247	1
26.588	2
12.277	2
4.751	1
74.349	3
74.476	3
93.413	3
136.187	3
37.064	2
38.154	2
118.736	3
5.031	1
111.384	3
78.238	3
11.775	2
3.024	1
15.972	2
52.337	3
56.039	3
36.868	2
11.014	2
20.591	2
42.798	3
93.835	3
101.045	3
61.534	3
89.160	3
27.349	2
37.218	2
92.675	3
10.787	2
123.170	3
53.680	3
79.868	3
87.466	3
87.332	3
36.134	2
12.669	2
81.948	3
83.612	3
109.728	3
20.590	2
107.237	3
39.770	2
132.611	3
0.533	1
28.665	2
108.942	3
103.704	3
13.545	2
84.920	3
26.214	2
26.101	2
4.810	1
137.116	3
0.582	1
57.846	3
115.158	3
77.528	3
10.931	2
130.431	3
137.837	3
35.888	2
119.530	3
124.308	3
105.315	3
47.789	3
36.456	2
54.361	3
32.226	2
13.544	2
136.882	3
109.331	3
74.476	3
27.050	2
105.626	3
23.865	2
95.250	3
30.916	2
19.136	2
73.136	3
37.479	2
38.939	2
104.670	3
7.240	1
56.606	3
84.785	3
12.806	2
81.218	3
110.383	3
27.784	2
7.586	1
82.112	3
5.072	1
93.592	3
63.563	3
133.377	3
29.396	2
131.704	3
82.306	3
99.802	3
2.134	1
37.029	2
120.191	3
2.757	1
64.281	3
122.794	3
24.828	2
71.312	3
65.702	3
54.602	3
46.460	3
81.260	3
4.698	1
16.587	2
10.775	2
4.749	1
131.712	3
25.551	2
103.720	3
22.256	2
112.751	3
8.132	1
78.575	3
80.391	3
11.965	2
72.446	3
127.885	3
84.675	3
87.878	3
72.990	3
92.417	3
52.450	3
85.249	3
54.445	3
23.970	2
7.794	1
10.969	2
10.990	2
61.557	3
64.109	3
9.266	1
76.697	3
29.766	2
53.404	3
47.120	3
132.216	3
111.096	3
70.892	3
118.199	3
2.708	1
124.435	3
46.780	3
37.048	2
45.036	3
14.226	2
67.796	3
136.914	3
77.001	3
83.764	3
114.490	3
123.625	3
44.348	3
7.225	1
45.086	3
1.732	1
84.580	3
137.234	3
82.432	3
103.943	3
47.325	3
18.268	2
53.824	3
123.790	3
9.792	1
112.041	3
67.696	3
75.342	3
58.029	3
102.422	3
37.153	2
127.320	3
124.215	3
51.800	3
4.315	1
134.935	3
94.295	3
34.896	2
95.526	3
92.552	3
56.912	3
7.962	1
72.147	3
6.866	1
70.309	3
75.679	3
25.624	2
127.153	3
77.913	3
82.373	3
70.947	3
67.877	3
116.287	3
34.733	2
96.546	3
86.078	3
39.268	2
5.023	1
108.638	3
65.914	3
114.636	3
29.608	2
104.837	3
68.161	3
4.569	1
50.416	3
23.663	2
33.737	2
76.006	3
5.169	1
92.372	3
69.680	3
112.270	3
137.167	3
1.057	1
126.778	3
22.760	2
53.207	3
105.862	3
80.386	3
78.508	3
70.248	3
41.960	3
31.601	2
131.061	3
131.227	3
88.257	3
121.398	3
128.531	3
15.854	2
30.934	2
32.148	2
11.026	2
2.496	1
39.052	2
113.750	3
70.554	3
82.996	3
41.898	3
94.568	3
28.945	2
94.486	3
46.477	3
109.552	3
67.286	3
99.529	3
78.804	3
60.669	3
0.849	1
122.419	3
109.870	3
134.416	3
134.985	3
10.414	2
87.555	3
39.962	2
24.145	2
128.255	3
57.741	3
6.562	1
39.455	2
2.949	1
70.826	3
39.410	2
79.667	3
114.504	3
60.698	3
74.551	3
62.594	3
35.579	2
70.012	3
101.602	3
55.333	3
136.457	3
5.244	1
130.291	3
35.715	2
11.048	2
59.099	3
101.298	3
75.421	3
0.969	1
91.483	3
2.135	1
116.576	3
139.272	3
72.461	3
11.442	2
138.462	3
14.291	2
28.617	2
41.632	3
135.293	3
106.741	3
128.374	3
21.783	2
0.106	1
30.539	2
134.175	3
48.682	3
108.567	3
33.653	2
65.117	3
51.947	3
41.717	3
43.755	3
79.277	3
89.303	3
33.844	2
111.967	3
132.569	3
64.805	3
103.062	3
113.114	3
83.262	3
31.216	2
70.117	3
72.768	3
36.194	2
58.239	3
1.523	1
63.559	3
132.918	3
17.596	2
79.894	3
13.419	2
101.622	3
54.343	3
134.150	3
45.340	3
37.508	2
97.810	3
24.599	2
127.754	3
64.332	3
96.900	3
23.101	2
67.450	3
44.266	3
124.891	3
107.891	3
70.860	3
87.601	3
88.156	3
136.342	3
61.435	3
29.375	2
5.200	1
30.977	2
78.772	3
126.032	3
73.775	3
132.463	3
48.900	3
136.503	3
96.415	3
95.942	3
56.710	3
32.642	2
91.441	3
45.255	3
117.026	3
108.991	3
88.083	3
43.898	3
89.848	3
137.230	3
33.929	2
77.999	3
5.821	1
10.961	2
6.197	1
43.628	3
88.043	3
101.003	3
100.803	3
0.908	1
104.272	3
98.310	3
113.833	3
62.996	3
14.134	2
31.452	2
8.330	1
51.120	3
6.661	1
89.276	3
134.007	3
4.368	1
41.954	3
105.862	3
36.099	2
77.161	3
5.275	1
19.342	2
7.798	1
8.097	1
53.985	3
52.088	3
22.771	2
115.972	3
0.816	1
5.371	1
80.902	3
79.225	3
92.008	3
132.003	3
15.839	2
104.542	3
127.552	3
38.194	2
97.616	3
100.064	3
125.229	3
0.840	1
17.980	2
8.024	1
35.979	2
49.753	3
83.993	3
67.399	3
84.525	3
138.457	3
59.209	3
91.200	3
14.248	2
78.329	3
104.362	3
9.982	1
0.349	1
116.225	3
4.495	1
131.322	3
46.506	3
118.064	3
11.378	2
26.819	2
64.407	3
11.366	2
45.650	3
105.891	3
59.235	3
119.668	3
96.220	3
79.210	3
8.781	1
116.664	3
100.830	3
74.357	3
27.970	2
114.892	3
24.037	2
14.260	2
117.639	3
60.820	3
116.749	3
104.154	3
70.969	3
51.240	3
3.377	1
39.541	2
134.182	3
61.695	3
65.154	3
106.202	3
89.792	3
41.960	3
95.772	3
64.583	3
50.470	3
48.657	3
19.002	2
79.001	3
8.529	1
89.022	3
47.803	3
10.961	2
72.858	3
9.753	1
40.337	3
110.956	3
110.250	3
126.529	3
31.821	2
43.464	3
137.277	3
80.277	3
129.898	3
38.449	2
52.691	3
52.634	3
61.981	3
139.997	3
86.995	3
71.069	3
39.931	2
34.274	2
40.011	3
112.912	3
23.481	2
95.084	3
4.959	1
97.764	3
19.371	2
64.225	3
25.629	2
114.774	3
50.203	3
21.228	2
121.641	3
19.170	2
122.874	3
80.659	3
0.621	1
133.915	3
35.862	2
66.044	3
4.052	1
11.908	2
79.134	3
111.138	3
65.097	3
16.431	2
36.241	2
0.459	1
28.191	2
35.677	2
4.034	1
1.521	1
31.631	2
90.895	3
94.694	3
2.129	1
5.801	1
127.644	3
54.073	3
58.438	3
74.262	3
77.787	3
64.297	3
57.394	3
7.579	1
100.158	3
90.854	3
35.653	2
116.364	3
1.866	1
25.141	2
29.022	2
2.152	1
17.294	2
55.465	3
6.417	1
61.884	3
52.169	3
71.670	3
19.312	2
106.005	3
64.411	3
81.609	3
57.046	3
96.536	3
0.216	1
8.297	1
4.940	1
91.003	3
6.481	1
116.287	3
49.447	3
129.734	3
95.319	3
13.956	2
8.701	1
42.126	3
86.820	3
37.606	2
13.198	2
23.668	2
51.596	3
105.238	3
33.666	2
44.662	3
20.071	2
67.799	3
9.639	1
84.201	3
1.247	1
122.992	3
2.273	1
26.786	2
125.397	3
92.375	3
61.494	3
88.693	3
60.664	3
115.503	3
94.270	3
20.141	2
78.429	3
77.324	3
9.127	1
2.384	1
39.726	2
12.217	2
28.524	2
137.952	3
4.929	1
91.208	3
29.839	2
81.058	3
24.826	2
45.448	3
46.324	3
19.951	2
2.912	1
37.313	2
38.695	2
19.579	2
127.564	3
57.145	3
63.201	3
73.141	3
45.625	3
119.897	3
89.655	3
21.220	2
0.649	1
97.648	3
32.170	2
106.696	3
132.375	3
50.273	3
96.919	3
93.771	3
75.256	3
82.719	3
35.226	2
120.947	3
9.859	1
106.090	3
9.878	1
56.728	3
68.887	3
94.847	3
87.084	3
41.532	3
125.852	3
1.039	1
74.575	3
83.485	3
111.784	3
45.902	3
4.722	1
129.372	3
44.110	3
42.502	3
76.761	3
124.567	3
22.394	2
97.874	3
46.384	3
33.619	2
109.691	3
114.132	3
130.005	3
89.946	3
50.141	3
103.460	3
115.969	3
7.147	1
88.087	3
88.773	3
56.953	3
22.471	2
75.445	3
24.871	2
20.778	2
110.527	3
100.329	3
124.672	3
86.863	3
73.672	3
60.146	3
19.808	2
1.437	1
76.177	3
60.814	3
19.754	2
78.861	3
69.375	3
9.042	1
52.391	3
12.890	2
119.521	3
14.154	2
44.794	3
33.132	2
84.513	3
19.528	2
43.318	3
138.983	3
65.451	3
83.614	3
114.356	3
28.862	2
54.042	3
100.556	3
81.986	3
49.320	3
57.593	3
79.945	3
1.685	1
136.579	3
0.207	1
116.530	3
110.274	3
34.777	2
38.801	2
12.708	2
95.488	3
99.627	3
107.542	3
0.445	1
79.328	3
107.125	3
64.314	3
16.125	2
53.432	3
87.291	3
15.196	2
35.850	2
71.498	3
46.055	3
117.596	3
118.526	3
21.402	2
49.413	3
5.491	1
19.888	2
58.711	3
60.501	3
35.054	2
101.726	3
7.643	1
10.628	2
45.350	3
17.193	2
86.113	3
2.935	1
111.947	3
97.084	3
38.332	2
1.070	1
3.696	1
132.254	3
77.889	3
72.448	3
61.652	3
51.602	3
7.395	1
102.476	3
40.445	3
23.465	2
72.810	3
36.203	2
121.041	3
120.933	3
107.905	3
4.812	1
52.318	3
87.761	3
99.572	3
30.361	2
53.108	3
120.332	3
73.861	3
69.653	3
4.785	1
134.809	3
10.563	2
100.332	3
100.487	3
15.979	2
2.944	1
133.939	3
18.791	2
113.065	3
25.676	2
7.126	1
16.842	2
98.316	3
70.068	3
106.973	3
50.213	3
20.343	2
113.319	3
81.107	3
32.084	2
105.348	3
36.060	2
92.516	3
129.674	3
81.982	3
41.677	3
120.297	3
19.771	2
105.645	3
108.835	3
49.328	3
64.304	3
38.270	2
56.057	3
58.120	3
88.434	3
107.135	3
16.140	2
114.063	3
89.534	3
113.813	3
131.893	3
103.649	3
8.143	1
124.675	3
49.200	3
26.949	2
50.538	3
137.996	3
55.278	3
43.342	3
43.430	3
44.015	3
67.395	3
12.776	2
68.983	3
77.613	3
76.531	3
7.543	1
4.106	1
45.574	3
17.624	2
24.727	2
129.726	3
110.159	3
24.954	2
136.415	3
130.935	3
89.866	3
2.272	1
23.247	2
5.585	1
54.864	3
5.419	1
45.882	3
55.848	3
44.065	3
79.787	3
1.415	1
7.335	1
23.759	2
51.886	3
97.171	3
119.031	3
109.322	3
133.417	3
73.357	3
26.582	2
121.282	3
75.528	3
20.354	2
94.181	3
135.909	3
126.565	3
124.632	3
8.780	1
62.136	3
65.821	3
31.828	2
20.942	2
104.813	3
130.345	3
5.098	1
43.830	3
125.119	3
54.641	3
131.340	3
90.276	3
33.152	2
131.848	3
122.963	3
76.949	3
139.747	3
7.924	1
16.577	2
7.402	1
130.484	3
41.862	3
22.733	2
46.697	3
2.992	1
126.164	3
106.169	3
91.183	3
95.394	3
120.184	3
18.724	2
37.838	2
55.733	3
21.864	2
38.917	2
82.302	3
135.685	3
132.314	3
34.805	2
57.365	3
38.538	2
40.453	3
115.874	3
11.345	2
113.303	3
91.446	3
59.397	3
1.363	1
41.631	3
124.183	3
68.006	3
42.794	3
79.486	3
87.044	3
26.399	2
105.263	3
13.843	2
48.266	3
118.286	3
77.531	3
133.491	3
19.372	2
128.301	3
111.866	3
135.698	3
96.581	3
54.742	3
83.809	3
3.900	1
137.684	3
32.046	2
66.920	3
113.260	3
20.120	2
4.722	1
26.027	2
37.100	2
81.274	3
134.532	3
29.697	2
41.001	3
130.720	3
6.518	1
101.819	3
101.607	3
37.162	2
53.114	3
46.518	3
95.061	3
13.701	2
21.549	2
12.780	2
91.534	3
97.819	3
71.600	3
27.558	2
15.739	2
21.080	2
20.740	2
34.779	2
105.448	3
106.244	3
24.694	2
81.939	3
92.143	3
2.484	1
121.431	3
30.004	2
55.296	3
65.095	3
89.977	3
80.674	3
114.401	3
43.943	3
38.543	2
9.774	1
126.320	3
138.200	3
120.420	3
56.087	3
23.179	2
62.393	3
27.832	2
133.491	3
6.925	1
21.807	2
50.609	3
117.546	3
122.625	3
133.529	3
122.241	3
109.077	3
82.832	3
16.874	2
126.003	3
7.981	1
109.945	3
115.432	3
15.658	2
91.303	3
103.538	3
137.297	3
4.943	1
14.575	2
77.009	3
65.986	3
51.637	3
25.216	2
65.756	3
52.420	3
135.352	3
25.388	2
115.450	3
11.442	2
119.741	3
101.058	3
103.504	3
35.296	2
122.449	3
75.814	3
77.633	3
65.203	3
55.262	3
71.502	3
26.974	2
39.220	2
113.103	3
59.013	3
99.427	3
105.040	3
112.841	3
119.435	3
32.140	2
117.788	3
63.149	3
36.758	2
138.694	3
95.490	3
70.589	3
19.258	2
86.231	3
1.504	1
111.983	3
26.464	2
131.722	3
53.661	3
120.262	3
21.888	2
124.687	3
139.851	3
70.733	3
88.201	3
16.218	2
0.196	1
58.909	3
51.364	3
35.989	2
101.205	3
121.860	3
75.193	3
19.828	2
92.738	3
27.062	2
59.606	3
72.266	3
98.513	3
9.341	1
25.808	2
34.798	2
8.418	1
124.292	3
122.469	3
49.350	3
32.010	2
0.121	1
36.783	2
86.605	3
126.467	3
133.907	3
16.816	2
118.975	3
96.769	3
7.800	1
92.772	3
22.534	2
20.783	2
92.629	3
38.068	2
80.825	3
9.358	1
39.361	2
33.083	2
38.146	2
94.703	3
138.662	3
36.155	2
112.720	3
8.179	1
76.757	3
40.047	3
85.305	3
13.810	2
0.619	1
85.140	3
88.113	3
130.797	3
48.227	3
28.782	2
4.893	1
2.093	1
59.149	3
137.566	3
46.687	3
30.664	2
8.203	1
102.359	3
83.227	3
22.258	2
135.022	3
0.278	1
51.144	3
126.025	3
114.284	3
93.750	3
123.277	3
120.000	3
3.192	1
22.823	2
3.290	1
84.943	3
21.642	2
17.184	2
35.227	2
14.638	2
135.200	3
37.831	2
33.717	2
73.720	3
125.802	3
134.951	3
112.626	3
26.447	2
28.250	2
131.068	3
109.642	3
94.652	3
109.258	3
117.567	3
38.284	2
117.632	3
17.714	2
26.075	2
105.769	3
55.838	3
85.002	3
30.351	2
23.071	2
47.609	3
123.128	3
105.830	3
59.977	3
92.176	3
37.246	2
63.877	3
34.579	2
9.338	1
128.110	3
17.975	2
134.761	3
52.961	3
55.935	3
104.478	3
27.754	2
75.096	3
97.055	3
23.910	2
97.670	3
38.178	2
137.134	3
113.078	3
0.249	1
4.935	1
130.611	3
0.122	1
31.024	2
0.046	1
9.176	1
35.906	2
97.215	3
123.184	3
115.523	3
69.653	3
104.809	3
56.953	3
91.750	3
60.220	3
26.185	2
24.499	2
30.041	2
116.919	3
46.205	3
111.513	3
98.059	3
33.170	2
106.817	3
108.908	3
44.372	3
22.057	2
70.068	3
122.618	3
74.716	3
124.926	3
130.773	3
111.106	3
51.036	3
10.842	2
60.951	3
59.204	3
139.409	3
91.868	3
92.055	3
49.666	3
43.173	3
79.059	3
70.317	3
12.747	2
28.908	2
10.240	2
54.241	3
108.535	3
86.559	3
12.187	2
108.161	3
44.030	3
23.124	2
41.902	3
1.972	1
36.254	2
37.035	2
43.203	3
53.128	3
99.341	3
33.748	2
130.649	3
77.327	3
72.322	3
90.834	3
32.737	2
6.693	1
59.222	3
26.308	2
26.707	2
125.149	3
95.491	3
81.373	3
64.843	3
80.816	3
4.133	1
11.542	2
135.336	3
58.999	3
87.241	3
49.660	3
42.245	3
110.501	3
98.119	3
66.114	3
24.851	2
42.806	3
92.179	3
72.680	3
44.088	3
68.002	3
17.167	2
85.473	3
77.980	3
130.387	3
138.964	3
139.254	3
84.760	3
107.132	3
6.933	1
40.660	3
120.810	3
13.352	2
22.045	2
20.655	2
77.366	3
128.029	3
11.376	2
28.626	2
30.422	2
60.986	3
86.371	3
25.262	2
55.284	3
29.035	2
38.029	2
18.396	2
37.761	2
74.990	3
119.084	3
130.332	3
60.693	3
134.435	3
47.001	3
2.623	1
104.895	3
31.680	2
44.300	3
45.984	3
96.311	3
117.182	3
96.707	3
43.013	3
90.130	3
30.807	2
98.762	3
5.093	1
130.312	3
84.448	3
129.690	3
36.197	2
130.052	3
28.057	2
19.559	2
40.647	3
73.765	3
57.558	3
78.177	3
31.236	2
30.486	2
21.784	2
47.521	3
13.696	2
101.977	3
92.529	3
44.309	3
122.403	3
124.250	3
74.803	3
12.638	2
14.909	2
67.892	3
111.618	3
12.064	2
12.186	2
88.196	3
25.073	2
2.709	1
53.860	3
14.552	2
108.724	3
93.282	3
42.399	3
122.985	3
76.530	3
94.184	3
81.024	3
38.441	2
66.067	3
117.025	3
106.724	3
59.854	3
7.700	1
81.703	3
101.878	3
87.684	3
29.371	2
89.223	3
104.574	3
116.040	3
10.080	2
75.944	3
39.934	2
32.171	2
110.239	3
72.201	3
96.935	3
48.914	3
6.186	1
138.823	3
118.716	3
42.519	3
118.952	3
87.154	3
48.899	3
135.160	3
74.185	3
134.523	3
23.328	2
68.351	3
6.731	1
112.232	3
24.137	2
95.532	3
111.032	3
100.843	3
19.067	2
124.162	3
47.983	3
13.106	2
61.897	3
8.917	1
19.475	2
57.639	3
106.619	3
27.483	2
96.320	3
95.712	3
50.186	3
102.317	3
29.548	2
36.172	2
102.271	3
112.482	3
121.732	3
132.358	3
16.133	2
37.808	2
80.623	3
123.914	3
21.022	2
5.139	1
128.171	3
52.674	3
43.064	3
23.692	2
0.012	1
98.485	3
106.592	3
127.180	3
106.132	3
58.045	3
115.862	3
133.883	3
11.919	2
96.837	3
94.678	3
115.981	3
130.174	3
124.596	3
22.424	2
44.548	3
6.704	1
95.694	3
94.490	3
7.937	1
134.699	3
72.291	3
128.994	3
8.907	1
114.787	3
10.007	2
116.384	3
95.532	3
87.501	3
111.655	3
85.934	3
29.356	2
102.140	3
17.975	2
87.964	3
130.614	3
13.814	2
35.084	2
21.225	2
17.125	2
127.973	3
131.610	3
67.342	3
0.432	1
109.499	3
49.020	3
63.356	3
128.784	3
85.519	3
112.738	3
127.719	3
117.959	3
37.449	2
53.745	3
117.644	3
137.877	3
27.960	2
7.160	1
56.308	3
121.193	3
66.104	3
128.549	3
27.099	2
79.282	3
67.013	3
58.398	3
14.959	2
73.606	3
68.400	3
63.066	3
51.567	3
56.603	3
132.011	3
102.612	3
53.589	3
48.315	3
112.709	3
72.312	3
70.766	3
126.646	3
28.187	2
136.652	3
60.388	3
58.218	3
67.305	3
56.133	3
3.018	1
63.475	3
126.654	3
13.080	2
54.913	3
65.041	3
34.958	2
58.325	3
129.048	3
68.543	3
122.019	3
130.449	3
5.389	1
96.848	3
73.450	3
31.654	2
107.545	3
101.630	3
135.329	3
92.286	3
56.855	3
54.087	3
46.918	3
54.993	3
48.746	3
7.785	1
49.486	3
98.564	3
13.802	2
67.884	3
25.083	2
52.351	3
53.213	3
17.537	2
74.927	3
53.889	3
110.764	3
27.534	2
108.213	3
32.981	2
107.621	3
71.376	3
6.784	1
14.789	2
26.920	2
102.500	3
58.946	3
34.430	2
89.164	3
46.877	3
106.441	3
27.652	2
118.461	3
40.491	3
16.798	2
7.311	1
33.291	2
28.620	2
137.313	3
97.863	3
59.899	3
10.602	2
32.946	2
75.435	3
83.274	3
91.521	3
87.396	3
86.061	3
37.920	2
78.819	3
21.450	2
43.744	3
37.222	2
30.668	2
128.960	3
35.131	2
102.076	3
51.326	3
94.050	3
4.141	1
133.339	3
28.302	2
81.850	3
28.479	2
127.753	3
7.649	1
106.517	3
49.108	3
63.459	3
60.669	3
10.288	2
4.009	1
37.434	2
10.878	2
64.677	3
37.918	2
84.125	3
16.313	2
53.866	3
64.413	3
85.284	3
2.553	1
73.894	3
39.258	2
83.964	3
122.236	3
83.886	3
42.473	3
53.769	3
8.844	1
92.744	3
28.723	2
14.651	2
118.290	3
103.992	3
16.341	2
15.986	2
39.562	2
136.843	3
56.746	3
32.564	2
120.284	3
87.472	3
1.792	1
24.605	2
13.886	2
95.478	3
18.801	2
25.917	2
57.741	3
37.947	2
32.208	2
2.487	1
92.754	3
60.916	3
135.855	3
36.787	2
137.006	3
21.086	2
55.937	3
22.602	2
92.561	3
26.621	2
81.441	3
134.798	3
9.643	1
50.487	3
88.232	3
134.795	3
33.260	2
68.266	3
38.491	2
96.312	3
46.960	3
47.939	3
92.119	3
70.205	3
132.841	3
5.816	1
75.943	3
125.164	3
90.446	3
77.129	3
7.126	1
23.221	2
119.591	3
59.746	3
33.921	2
58.739	3
100.186	3
48.160	3
11.751	2
36.353	2
2.717	1
108.534	3
50.668	3
116.048	3
135.149	3
44.673	3
101.209	3
31.829	2
136.086	3
19.921	2
62.692	3
102.154	3
21.017	2
137.448	3
3.578	1
28.733	2
53.046	3
130.118	3
25.187	2
19.498	2
82.467	3
64.255	3
1.002	1
100.587	3
82.830	3
105.362	3
121.831	3
33.573	2
51.057	3
110.856	3
79.334	3
63.751	3
9.610	1
51.765	3
77.466	3
53.865	3
3.707	1
84.233	3
25.296	2
102.746	3
108.857	3
55.729	3
124.646	3
55.585	3
122.996	3
68.270	3
66.103	3
42.226	3
67.086	3
102.582	3
31.233	2
94.127	3
134.070	3
40.356	3
27.576	2
8.995	1
116.762	3
93.438	3
134.163	3
30.340	2
109.719	3
87.224	3
123.409	3
15.857	2
131.117	3
2.338	1
67.604	3
4.130	1
91.082	3
10.781	2
3.293	1
17.584	2
11.714	2
0.954	1
45.896	3
21.858	2
24.044	2
52.113	3
93.744	3
92.310	3
2.443	1
37.141	2
69.055	3
69.469	3
1.726	1
54.730	3
45.697	3
1.959	1
98.752	3
22.544	2
76.033	3
83.068	3
91.482	3
55.009	3
104.203	3
16.251	2
36.921	2
76.217	3
65.467	3
135.844	3
23.713	2
13.546	2
2.581	1
24.423	2
69.596	3
8.644	1
128.741	3
83.567	3
16.353	2
29.664	2
56.793	3
114.056	3
78.159	3
19.615	2
122.281	3
74.628	3
6.727	1
48.029	3
105.910	3
130.856	3
5.314	1
119.153	3
133.727	3
128.979	3
32.654	2
114.152	3
122.833	3
74.186	3
55.690	3
109.823	3
83.760	3
38.320	2
65.021	3
56.561	3
95.272	3
28.274	2
99.385	3
0.342	1
38.257	2
91.430	3
21.405	2
8.270	1
54.078	3
32.044	2
4.845	1
14.425	2
4.263	1
63.711	3
114.612	3
105.258	3
78.623	3
1.697	1
98.533	3
97.758	3
53.988	3
8.552	1
49.642	3
3.357	1
34.399	2
60.618	3
1.234	1
18.297	2
36.334	2
52.988	3
34.280	2
8.786	1
68.865	3
0.635	1
66.857	3
130.121	3
54.098	3
41.141	3
46.205	3
33.685	2
37.588	2
48.749	3
47.269	3
36.299	2
15.061	2
93.640	3
5.595	1
105.733	3
113.694	3
129.048	3
100.995	3
78.662	3
120.292	3
2.316	1
130.043	3
33.796	2
127.190	3
134.994	3
61.258	3
105.166	3
133.185	3
0.655	1
28.111	2
69.166	3
77.932	3
61.345	3
25.956	2
109.557	3
39.801	2
101.365	3
17.048	2
25.515	2
98.717	3
0.880	1
72.922	3
92.396	3
14.897	2
18.052	2
38.148	2
75.234	3
83.824	3
6.724	1
29.220	2
41.456	3
100.583	3
112.537	3
112.745	3
65.524	3
93.870	3
137.788	3
12.456	2
63.653	3
72.020	3
134.763	3
24.867	2
99.176	3
120.751	3
34.168	2
80.835	3
134.736	3
90.289	3
116.141	3
27.037	2
0.346	1
8.975	1
41.516	3
60.120	3
0.761	1
61.746	3
69.545	3
96.510	3
23.388	2
65.330	3
66.201	3
112.639	3
71.456	3
127.605	3
126.200	3
34.368	2
40.706	3
50.571	3
54.143	3
103.952	3
15.503	2
94.049	3
97.983	3
1.099	1
106.853	3
122.306	3
50.031	3
92.151	3
90.462	3
61.395	3
109.100	3
130.151	3
90.170	3
49.802	3
117.650	3
104.123	3
49.326	3
42.130	3
20.251	2
1.789	1
19.636	2
9.273	1
0.863	1
102.367	3
42.337	3
17.324	2
13.498	2
15.390	2
134.846	3
10.155	2
83.870	3
81.059	3
26.908	2
125.745	3
120.339	3
2.747	1
57.733	3
47.039	3
30.819	2
37.775	2
28.728	2
27.140	2
29.946	2
53.898	3
51.960	3
9.940	1
17.964	2
129.999	3
138.371	3
68.507	3
125.881	3
45.404	3
12.740	2
35.290	2
38.436	2
21.585	2
60.233	3
128.366	3
14.182	2
5.710	1
80.323	3
33.699	2
139.460	3
0.543	1
116.938	3
110.584	3
64.709	3
1.567	1
110.476	3
37.511	2
61.495	3
102.585	3
93.404	3
91.630	3
39.657	2
39.188	2
27.299	2
91.119	3
92.326	3
81.952	3
82.476	3
21.009	2
37.575	2
43.478	3
20.594	2
46.108	3
100.744	3
19.167	2
36.727	2
33.825	2
2.228	1
56.893	3
139.480	3
19.351	2
50.531	3
109.674	3
0.137	1
95.013	3
7.922	1
79.667	3
116.321	3
85.346	3
7.919	1
21.828	2
100.382	3
108.112	3
60.092	3
7.189	1
23.498	2
22.338	2
131.610	3
28.566	2
48.678	3
85.992	3
78.139	3
3.075	1
14.175	2
30.524	2
71.424	3
124.623	3
104.563	3
130.234	3
113.074	3
124.043	3
35.083	2
9.004	1
3.288	1
107.451	3
52.962	3
19.569	2
90.438	3
7.375	1
71.885	3
116.854	3
73.078	3
99.302	3
2.159	1
76.526	3
118.394	3
50.373	3
0.926	1
36.481	2
11.033	2
60.280	3
17.984	2
59.671	3
50.032	3
81.758	3
93.395	3
13.689	2
38.467	2
132.051	3
82.651	3
32.129	2
90.150	3
103.607	3
47.329	3
80.930	3
70.476	3
121.033	3
66.416	3
64.715	3
96.140	3
8.848	1
104.661	3
82.719	3
96.972	3
86.640	3
103.155	3
1.663	1
2.495	1
7.736	1
4.158	1
84.723	3
125.610	3
115.400	3
82.399	3
4.023	1
60.938	3
102.821	3
35.910	2
83.658	3
114.102	3
9.047	1
99.915	3
121.933	3
25.501	2
48.235	3
130.328	3
87.369	3
119.686	3
48.657	3
61.205	3
74.213	3
117.222	3
3.536	1
122.155	3
87.108	3
26.699	2
27.908	2
106.591	3
108.584	3
11.694	2
95.537	3
40.022	3
20.070	2
2.883	1
41.408	3
11.071	2
50.289	3
49.903	3
112.214	3
86.949	3
109.021	3
74.537	3
64.012	3
66.418	3
10.444	2
10.214	2
41.315	3
5.888	1
25.840	2
109.874	3
120.624	3
39.159	2
7.532	1
14.300	2
24.956	2
33.077	2
3.266	1
95.791	3
22.909	2
66.409	3
53.487	3
8.711	1
52.778	3
105.058	3
17.894	2
102.897	3
80.876	3
21.201	2
85.302	3
17.916	2
44.828	3
6.070	1
45.122	3
100.935	3
21.968	2
71.157	3
78.110	3
37.737	2
97.254	3
118.546	3
54.846	3
112.583	3
43.324	3
90.213	3
135.102	3
132.740	3
81.224	3
122.524	3
122.500	3
56.373	3
120.705	3
16.355	2
7.165	1
111.171	3
86.688	3
1.634	1
56.625	3
125.644	3
115.059	3
103.313	3
2.183	1
66.842	3
7.493	1
136.367	3
37.327	2
25.138	2
99.125	3
51.010	3
30.774	2
90.809	3
39.727	2
83.396	3
119.769	3
20.953	2
135.777	3
8.459	1
97.829	3
56.367	3
8.890	1
31.865	2
52.969	3
14.793	2
129.953	3
96.792	3
65.355	3
18.459	2
62.804	3
43.222	3
31.854	2
118.667	3
31.548	2
123.569	3
29.906	2
0.522	1
83.528	3
122.958	3
96.868	3
9.390	1
60.755	3
91.310	3
37.159	2
58.461	3
5.760	1
38.757	2
16.731	2
2.728	1
100.268	3
56.470	3
30.266	2
29.335	2
112.018	3
129.754	3
8.412	1
26.704	2
98.495	3
52.569	3
1.184	1
65.737	3
67.574	3
93.479	3
71.937	3
108.203	3
132.793	3
3.445	1
120.565	3
52.351	3
133.336	3
57.491	3
48.704	3
117.765	3
26.039	2
113.283	3
133.493	3
49.531	3
3.109	1
9.966	1
113.118	3
69.106	3
68.179	3
48.391	3
136.062	3
101.453	3
36.532	2
127.962	3
65.114	3
100.776	3
0.246	1
88.619	3
27.829	2
65.768	3
62.872	3
106.349	3
79.973	3
123.275	3
100.227	3
4.550	1
20.861	2
64.940	3
117.271	3
54.762	3
125.145	3
93.255	3
41.957	3
117.948	3
126.276	3
138.791	3
30.176	2
100.479	3
76.078	3
10.320	2
59.644	3
138.845	3
108.215	3
127.821	3
11.643	2
82.223	3
3.249	1
4.836	1
4.714	1
1.178	1
75.657	3
8.558	1
84.685	3
3.778	1
87.190	3
19.794	2
20.743	2
54.874	3
43.638	3
14.132	2
33.555	2
138.360	3
15.906	2
40.572	3
61.479	3
19.930	2
48.682	3
76.070	3
52.653	3
104.294	3
117.919	3
0.444	1
73.368	3
93.653	3
18.660	2
54.247	3
3.932	1
60.752	3
14.505	2
14.154	2
107.025	3
57.896	3
77.901	3
34.696	2
22.085	2
95.699	3
122.642	3
110.409	3
81.407	3
2.824	1
15.012	2
46.514	3
91.749	3
65.690	3
45.949	3
95.218	3
38.659	2
32.451	2
9.177	1
86.212	3
38.144	2
57.783	3
18.217	2
105.043	3
27.607	2
52.820	3
69.526	3
1.667	1
31.145	2
134.508	3
11.805	2
56.101	3
76.150	3
124.685	3
58.366	3
65.578	3
76.311	3
17.944	2
118.203	3
0.136	1
65.388	3
2.979	1
39.025	2
22.721	2
43.366	3
135.904	3
92.901	3
80.491	3
43.193	3
58.430	3
89.876	3
83.470	3
19.901	2
3.294	1
17.614	2
18.344	2
125.775	3
135.855	3
93.214	3
22.131	2
119.643	3
111.164	3
3.078	1
75.885	3
16.515	2
7.706	1
30.601	2
14.840	2
34.121	2
8.003	1
123.746	3
13.260	2
105.796	3
87.403	3
100.307	3
122.413	3
118.132	3
44.599	3
17.601	2
104.460	3
43.252	3
11.860	2
68.933	3
117.035	3
54.105	3
18.388	2
67.209	3
81.272	3
14.509	2
21.343	2
11.682	2
136.763	3
36.026	2
19.417	2
102.228	3
94.539	3
108.897	3
116.020	3
130.014	3
34.895	2
37.863	2
108.063	3
137.810	3
13.949	2
34.020	2
53.817	3
5.149	1
122.005	3
6.312	1
36.560	2
48.289	3
105.966	3
9.497	1
2.060	1
86.571	3
74.745	3
58.407	3
20.002	2
10.119	2
130.378	3
43.249	3
35.990	2
8.489	1
134.068	3
86.264	3
87.176	3
39.634	2
9.908	1
85.794	3
6.135	1
63.788	3
73.051	3
115.186	3
33.946	2
33.113	2
38.429	2
79.150	3
71.380	3
125.897	3
4.767	1
78.884	3
0.862	1
11.698	2
41.861	3
9.744	1
61.079	3
133.176	3
67.345	3
65.808	3
37.459	2
5.910	1
64.153	3
9.498	1
59.218	3
109.331	3
4.290	1
118.733	3
68.419	3
35.891	2
137.038	3
139.560	3
106.485	3
82.903	3
87.995	3
37.334	2
129.376	3
81.059	3
63.152	3
13.616	2
136.072	3
131.171	3
4.985	1
103.884	3
54.791	3
87.746	3
139.527	3
70.724	3
102.029	3
0.318	1
3.825	1
26.700	2
54.132	3
76.993	3
76.263	3
34.845	2
46.614	3
97.946	3
109.964	3
106.861	3
6.813	1
9.156	1
96.079	3
110.540	3
89.421	3
131.466	3
32.114	2
105.963	3
60.109	3
24.073	2
42.564	3
27.899	2
79.282	3
117.190	3
13.523	2
134.412	3
65.666	3
109.666	3
130.759	3
56.338	3
89.419	3
38.585	2
5.706	1
56.129	3
44.650	3
28.662	2
38.331	2
55.484	3
89.918	3
108.810	3
108.463	3
93.638	3
122.171	3
95.791	3
124.739	3
43.545	3
46.303	3
26.418	2
4.336	1
110.484	3
9.907	1
14.969	2
127.025	3
70.904	3
1.644	1
15.278	2
26.805	2
45.882	3
1.292	1
58.049	3
115.916	3
114.129	3
92.246	3
34.500	2
29.356	2
128.177	3
29.019	2
51.289	3
46.217	3
41.377	3
66.137	3
82.158	3
43.364	3
24.285	2
123.806	3
114.906	3
48.758	3
120.219	3
91.857	3
23.984	2
8.515	1
2.384	1
20.900	2
111.255	3
124.254	3
8.916	1
42.892	3
53.116	3
39.407	2
102.909	3
20.217	2
128.011	3
112.838	3
134.195	3
15.291	2
44.470	3
82.049	3
82.228	3
97.758	3
34.295	2
2.843	1
85.481	3
78.601	3
11.173	2
100.931	3
32.836	2
10.020	2
40.135	3
88.584	3
8.447	1
90.620	3
111.797	3
1.467	1
114.289	3
103.729	3
22.123	2
75.621	3
7.732	1
21.129	2
115.804	3
2.224	1
10.437	2
70.615	3
39.964	2
119.317	3
55.265	3
36.843	2
62.066	3
36.455	2
23.522	2
38.571	2
15.568	2
129.460	3
74.045	3
79.354	3
82.998	3
135.518	3
29.920	2
32.446	2
71.728	3
20.319	2
44.823	3
116.133	3
6.893	1
132.813	3
72.962	3
1.946	1
78.074	3
4.573	1
85.883	3
82.433	3
119.696	3
132.750	3
75.779	3
21.929	2
15.592	2
110.155	3
38.187	2
56.884	3
46.061	3
135.844	3
43.286	3
15.846	2
89.479	3
71.449	3
58.042	3
120.740	3
117.803	3
65.412	3
34.198	2
104.681	3
4.592	1
85.937	3
85.992	3
65.961	3
62.515	3
110.914	3
72.795	3
32.101	2
25.586	2
38.799	2
81.813	3
58.024	3
44.451	3
38.790	2
16.916	2
9.204	1
71.540	3
138.275	3
67.553	3
5.618	1
98.431	3
122.316	3
2.970	1
75.073	3
75.144	3
0.074	1
30.534	2
5.773	1
127.164	3
103.981	3
26.002	2
68.294	3
37.739	2
41.713	3
94.275	3
106.512	3
91.955	3
45.068	3
11.713	2
93.829	3
4.411	1
116.256	3
15.502	2
35.905	2
3.367	1
131.719	3
9.880	1
108.722	3
89.788	3
112.529	3
78.974	3
6.625	1
115.527	3
100.254	3
54.953	3
132.190	3
114.969	3
67.014	3
35.077	2
61.462	3
62.142	3
49.110	3
17.220	2
121.739	3
133.955	3
62.526	3
24.735	2
118.596	3
45.718	3
113.713	3
37.439	2
90.512	3
66.569	3
56.105	3
129.900	3
104.450	3
33.857	2
104.316	3
16.352	2
75.447	3
65.663	3
134.482	3
43.139	3
137.004	3
71.985	3
27.016	2
91.990	3
28.824	2
26.111	2
64.230	3
28.911	2
34.286	2
87.222	3
28.127	2
25.332	2
8.451	1
4.263	1
28.401	2
126.589	3
125.133	3
22.826	2
29.478	2
38.204	2
1.905	1
78.911	3
14.906	2
13.518	2
5.610	1
17.896	2
97.595	3
4.984	1
96.534	3
54.323	3
23.468	2
30.637	2
3.363	1
48.886	3
6.082	1
136.140	3
5.569	1
22.039	2
106.174	3
0.828	1
14.499	2
115.283	3
1.493	1
36.705	2
36.447	2
136.903	3
25.799	2
125.067	3
66.829	3
94.826	3
9.663	1
22.698	2
135.192	3
54.478	3
54.746	3
13.001	2
27.677	2
106.480	3
107.847	3
45.316	3
40.364	3
30.579	2
130.512	3
41.282	3
65.428	3
26.943	2
4.747	1
15.067	2
56.301	3
14.729	2
110.800	3
126.651	3
44.571	3
127.887	3
70.272	3
61.399	3
26.752	2
82.624	3
18.610	2
110.185	3
2.606	1
130.198	3
107.003	3
122.087	3
5.797	1
0.514	1
121.261	3
103.488	3
32.566	2
78.925	3
124.306	3
31.541	2
13.563	2
114.524	3
41.597	3
124.619	3
32.918	2
96.075	3
4.562	1
137.071	3
114.015	3
43.645	3
34.454	2
102.712	3
13.238	2
14.178	2
78.259	3
72.361	3
46.227	3
69.206	3
17.419	2
9.784	1
32.954	2
91.080	3
58.600	3
25.247	2
129.031	3
118.237	3
105.488	3
5.289	1
45.027	3
3.094	1
110.392	3
32.543	2
42.405	3
13.274	2
25.428	2
128.126	3
67.663	3
64.586	3
54.393	3
119.620	3
29.871	2
38.428	2
101.290	3
0.981	1
95.545	3
74.374	3
11.795	2
32.613	2
97.250	3
103.275	3
108.578	3
57.015	3
91.176	3
0.041	1
90.042	3
85.976	3
6.757	1
53.903	3
13.878	2
34.851	2
7.530	1
115.421	3
58.134	3
62.906	3
82.891	3
40.272	3
75.015	3
122.382	3
26.147	2
5.229	1
1.344	1
30.616	2
38.332	2
72.853	3
49.045	3
95.123	3
139.376	3
37.123	2
6.484	1
131.819	3
121.840	3
5.281	1
4.387	1
136.309	3
13.413	2
83.652	3
45.402	3
58.607	3
43.324	3
137.554	3
26.093	2
26.629	2
116.380	3
52.499	3
115.491	3
7.103	1
54.008	3
14.858	2
79.208	3
10.062	2
13.481	2
10.898	2
14.641	2
49.577	3
74.834	3
19.617	2
85.203	3
103.564	3
99.457	3
53.562	3
4.460	1
44.363	3
29.873	2
49.373	3
8.124	1
108.940	3
53.381	3
95.610	3
84.866	3
1.139	1
118.556	3
128.602	3
117.483	3
103.711	3
33.332	2
13.763	2
72.063	3
13.212	2
130.712	3
88.160	3
12.100	2
100.301	3
22.062	2
65.966	3
62.408	3
78.808	3
19.025	2
28.005	2
109.479	3
0.133	1
68.167	3
55.630	3
36.378	2
78.579	3
34.754	2
0.125	1
72.069	3
121.977	3
136.633	3
51.759	3
52.799	3
21.744	2
26.929	2
0.199	1
3.344	1
114.696	3
57.970	3
43.505	3
24.341	2
6.903	1
62.859	3
38.912	2
35.930	2
98.342	3
71.850	3
5.617	1
6.457	1
31.274	2
19.092	2
91.576	3
13.819	2
117.333	3
32.990	2
102.887	3
42.575	3
43.276	3
108.521	3
50.056	3
48.817	3
11.449	2
50.869	3
29.198	2
134.919	3
9.557	1
1.603	1
130.636	3
2.203	1
88.866	3
16.729	2
32.431	2
2.152	1
54.667	3
75.561	3
34.600	2
39.036	2
48.539	3
2.063	1
60.815	3
31.771	2
137.201	3
41.721	3
76.669	3
3.955	1
91.317	3
10.762	2
72.125	3
5.699	1
90.301	3
20.650	2
4.847	1
48.293	3
1.584	1
49.962	3
25.667	2
125.824	3
118.537	3
74.167	3
138.997	3
86.356	3
20.904	2
67.647	3
20.477	2
47.315	3
31.439	2
59.662	3
10.142	2
4.659	1
48.786	3
2.120	1
25.507	2
10.314	2
25.717	2
22.479	2
11.410	2
92.556	3
70.450	3
89.770	3
8.625	1
130.635	3
10.734	2
77.175	3
130.842	3
126.776	3
21.125	2
135.557	3
34.761	2
92.513	3
29.701	2
4.509	1
0.171	1
9.189	1
0.836	1
130.952	3
108.042	3
54.451	3
119.247	3
2.107	1
38.008	2
112.472	3
64.479	3
0.579	1
16.562	2
99.658	3
7.009	1
111.687	3
51.433	3
0.749	1
5.637	1
93.835	3
45.271	3
23.730	2
112.959	3
102.473	3
12.277	2
109.675	3
24.471	2
46.047	3
32.733	2
75.232	3
64.439	3
6.097	1
6.688	1
41.562	3
69.672	3
116.402	3
16.760	2
32.503	2
33.818	2
32.828	2
68.210	3
75.102	3
33.487	2
108.344	3
46.377	3
96.987	3
84.219	3
85.506	3
3.655	1
45.052	3
126.664	3
48.441	3
70.553	3
94.051	3
43.571	3
10.492	2
84.136	3
135.005	3
13.701	2
72.415	3
124.149	3
119.075	3
38.904	2
24.785	2
121.744	3
85.554	3
127.993	3
125.584	3
128.679	3
18.451	2
99.486	3
33.041	2
33.128	2
66.600	3
36.314	2
133.744	3
100.007	3
1.224	1
8.503	1
93.768	3
134.083	3
23.439	2
91.661	3
69.603	3
56.221	3
114.343	3
111.185	3
12.251	2
55.013	3
100.558	3
14.720	2
111.384	3
114.511	3
89.098	3
38.609	2
45.256	3
89.673	3
116.668	3
69.188	3
125.450	3
54.970	3
53.046	3
129.978	3
112.694	3
37.075	2
108.615	3
28.305	2
129.115	3
77.744	3
139.392	3
127.398	3
31.602	2
59.084	3
119.277	3
56.357	3
0.848	1
108.289	3
4.881	1
112.520	3
2.381	1
131.915	3
52.579	3
32.187	2
130.170	3
28.827	2
40.332	3
9.535	1
81.272	3
3.906	1
23.379	2
7.988	1
125.262	3
39.068	2
60.744	3
11.616	2
35.645	2
100.755	3
14.669	2
109.370	3
97.730	3
26.894	2
11.015	2
43.035	3
41.139	3
137.313	3
76.409	3
16.472	2
135.653	3
98.901	3
38.618	2
131.076	3
35.337	2
22.532	2
45.281	3
68.029	3
69.819	3
19.416	2
33.951	2
117.269	3
137.814	3
20.890	2
101.955	3
52.159	3
67.523	3
78.386	3
104.054	3
24.753	2
33.933	2
60.091	3
43.730	3
13.920	2
108.272	3
53.224	3
34.093	2
59.558	3
113.013	3
100.021	3
15.481	2
3.108	1
2.519	1
105.668	3
75.050	3
98.429	3
15.280	2
96.955	3
118.123	3
127.745	3
24.012	2
23.968	2
66.539	3
49.171	3
27.713	2
4.046	1
15.183	2
62.060	3
135.864	3
55.356	3
19.593	2
96.902	3
39.279	2
127.040	3
117.699	3
9.890	1
122.720	3
72.642	3
86.422	3
40.832	3
67.655	3
134.075	3
45.979	3
67.259	3
63.745	3
18.069	2
66.180	3
110.381	3
4.929	1
8.640	1
110.735	3
80.803	3
27.128	2
38.343	2
100.094	3
93.187	3
139.646	3
44.030	3
96.233	3
27.156	2
120.326	3
99.716	3
25.511	2
101.260	3
123.429	3
89.338	3
52.308	3
124.182	3
97.045	3
20.290	2
87.463	3
37.475	2
4.977	1
1.292	1
136.488	3
6.001	1
68.945	3
69.977	3
50.250	3
10.861	2
129.197	3
87.569	3
17.583	2
129.164	3
0.564	1
15.451	2
104.405	3
137.179	3
50.738	3
52.105	3
8.858	1
3.784	1
42.224	3
64.473	3
36.188	2
26.173	2
71.486	3
121.145	3
6.192	1
52.111	3
40.961	3
100.708	3
121.577	3
67.902	3
92.283	3
14.431	2
92.429	3
55.598	3
135.663	3
71.631	3
55.927	3
6.947	1
43.645	3
15.358	2
69.766	3
96.621	3
84.909	3
64.424	3
7.877	1
20.248	2
3.772	1
108.407	3
1.780	1
102.876	3
76.606	3
98.263	3
4.644	1
26.074	2
70.717	3
60.622	3
108.860	3
95.351	3
106.913	3
96.561	3
121.271	3
5.102	1
79.991	3
126.896	3
122.601	3
88.406	3
10.497	2
82.621	3
135.100	3
125.522	3
4.721	1
9.668	1
109.683	3
82.693	3
118.897	3
12.678	2
78.027	3
1.135	1
70.726	3
107.334	3
19.767	2
59.911	3
7.151	1
1.636	1
137.744	3
23.123	2
13.941	2
67.649	3
76.467	3
48.290	3
102.058	3
29.612	2
10.020	2
104.151	3
92.274	3
86.388	3
114.900	3
37.754	2
66.408	3
31.570	2
84.449	3
88.409	3
68.998	3
17.262	2
47.233	3
79.901	3
13.302	2
85.515	3
57.113	3
24.063	2
20.891	2
19.028	2
44.248	3
58.079	3
131.135	3
5.673	1
139.592	3
123.523	3
89.450	3
91.927	3
27.174	2
79.000	3
139.771	3
40.359	3
11.324	2
115.552	3
99.755	3
13.584	2
119.029	3
84.181	3
111.861	3
79.189	3
12.120	2
26.594	2
39.831	2
42.639	3
109.128	3
53.359	3
69.603	3
78.711	3
30.240	2
123.261	3
27.544	2
136.920	3
90.664	3
6.382	1
55.264	3
56.830	3
10.175	2
114.908	3
16.071	2
84.397	3
17.431	2
4.530	1
36.452	2
53.042	3
3.352	1
9.893	1
95.688	3
10.559	2
137.538	3
98.841	3
24.298	2
47.935	3
108.083	3
117.067	3
115.967	3
124.929	3
111.790	3
134.586	3
19.295	2
0.696	1
120.658	3
123.843	3
74.337	3
95.483	3
75.496	3
106.963	3
9.663	1
56.447	3
4.684	1
66.842	3
30.607	2
0.834	1
63.332	3
81.979	3
55.357	3
124.821	3
17.579	2
114.107	3
8.292	1
43.617	3
19.565	2
85.678	3
107.294	3
71.366	3
53.285	3
45.921	3
3.441	1
107.421	3
64.814	3
63.265	3
46.350	3
134.276	3
124.258	3
134.867	3
21.716	2
102.903	3
7.032	1
110.108	3
107.440	3
79.861	3
98.888	3
44.571	3
2.872	1
3.422	1
137.929	3
23.332	2
10.401	2
121.248	3
17.771	2
27.158	2
3.211	1
117.110	3
60.595	3
83.252	3
24.859	2
54.060	3
134.252	3
11.286	2
8.228	1
37.008	2
14.837	2
52.996	3
44.519	3
34.199	2
27.300	2
3.464	1
17.490	2
4.434	1
85.755	3
4.060	1
6.282	1
17.007	2
129.075	3
37.398	2
118.312	3
9.950	1
73.007	3
14.639	2
88.779	3
8.579	1
0.303	1
6.758	1
98.561	3
82.844	3
54.714	3
127.691	3
116.180	3
108.997	3
82.897	3
109.618	3
95.994	3
79.567	3
93.192	3
103.600	3
107.979	3
73.232	3
120.272	3
32.492	2
110.641	3
74.448	3
64.588	3
3.449	1
38.657	2
18.575	2
136.919	3
100.457	3
116.657	3
126.903	3
37.450	2
86.755	3
59.989	3
69.446	3
138.136	3
21.691	2
82.331	3
74.518	3
1.572	1
116.056	3
87.706	3
5.776	1
116.103	3
29.496	2
14.692	2
41.242	3
105.807	3
29.022	2
131.470	3
28.523	2
5.716	1
31.428	2
19.918	2
56.878	3
8.610	1
93.367	3
9.835	1
12.723	2
102.147	3
31.759	2
70.312	3
90.639	3
80.756	3
60.225	3
76.759	3
22.524	2
1.030	1
111.919	3
55.518	3
131.058	3
8.420	1
91.779	3
103.479	3
94.224	3
75.464	3
16.776	2
43.399	3
44.882	3
32.943	2
13.239	2
7.230	1
98.692	3
3.454	1
89.296	3
122.969	3
6.977	1
104.719	3
127.989	3
109.848	3
67.462	3
92.566	3
103.202	3
78.461	3
113.280	3
99.832	3
12.824	2
2.727	1
125.835	3
6.499	1
42.132	3
137.577	3
69.742	3
8.291	1
116.778	3
77.170	3
7.630	1
20.311	2
73.199	3
110.804	3
123.565	3
58.609	3
4.484	1
105.161	3
108.696	3
46.120	3
83.236	3
48.915	3
0.624	1
137.167	3
29.552	2
139.663	3
37.093	2
1.078	1
91.818	3
47.926	3
50.166	3
113.492	3
111.272	3
79.477	3
107.460	3
68.646	3
12.966	2
9.050	1
132.828	3
94.840	3
54.462	3
32.400	2
17.123	2
106.454	3
52.820	3
42.498	3
68.097	3
126.227	3
138.767	3
91.929	3
37.756	2
74.016	3
77.701	3
127.755	3
98.176	3
59.645	3
109.948	3
117.151	3
56.102	3
22.109	2
102.257	3
14.547	2
43.584	3
126.874	3
86.655	3
72.030	3
26.163	2
17.102	2
25.378	2
134.316	3
3.755	1
116.504	3
112.577	3
16.299	2
1.589	1
35.023	2
27.213	2
8.765	1
124.086	3
8.584	1
126.350	3
129.228	3
62.199	3
84.496	3
116.804	3
121.120	3
52.282	3
105.245	3
132.877	3
21.307	2
35.255	2
2.185	1
1.006	1
101.562	3
61.303	3
111.217	3
13.356	2
91.125	3
37.205	2
119.522	3
12.048	2
65.947	3
8.922	1
10.622	2
34.731	2
0.894	1
105.144	3
12.482	2
105.952	3
12.909	2
6.511	1
87.653	3
73.083	3
79.527	3
49.434	3
129.643	3
90.940	3
20.517	2
57.343	3
14.695	2
60.264	3
39.488	2
136.529	3
5.775	1
123.946	3
23.865	2
16.778	2
87.655	3
11.217	2
3.526	1
136.328	3
121.051	3
20.443	2
27.322	2
41.388	3
13.475	2
109.193	3
71.421	3
27.089	2
36.856	2
98.970	3
14.015	2
24.374	2
136.625	3
114.487	3
138.924	3
18.231	2
123.417	3
115.340	3
3.847	1
63.830	3
45.948	3
9.506	1
25.095	2
6.451	1
8.485	1
93.561	3
40.069	3
1.168	1
105.252	3
61.301	3
28.707	2
47.554	3
109.242	3
0.929	1
97.098	3
22.976	2
85.489	3
124.022	3
118.301	3
64.417	3
57.625	3
88.277	3
39.889	2
60.925	3
110.805	3
90.700	3
92.406	3
67.033	3
73.167	3
37.315	2
3.323	1
7.798	1
119.675	3
108.525	3
121.643	3
125.864	3
131.677	3
37.026	2
17.185	2
3.842	1
24.001	2
126.660	3
107.381	3
58.890	3
106.494	3
38.836	2
7.774	1
0.803	1
113.712	3
86.098	3
73.343	3
9.049	1
38.020	2
32.548	2
9.684	1
80.436	3
35.921	2
50.833	3
20.875	2
30.466	2
3.736	1
19.185	2
8.363	1
1.065	1
92.730	3
27.117	2
7.504	1
37.227	2
57.074	3
79.035	3
52.007	3
60.695	3
82.837	3
77.195	3
52.723	3
61.483	3
124.920	3
35.415	2
99.720	3
119.862	3
5.000	1
96.378	3
17.477	2
89.765	3
30.286	2
87.904	3
129.597	3
94.871	3
128.479	3
50.017	3
4.060	1
116.354	3
121.072	3
70.688	3
47.106	3
51.180	3
37.149	2
69.249	3
39.857	2
68.595	3
19.076	2
75.467	3
91.618	3
129.660	3
110.586	3
29.956	2
56.467	3
4.813	1
111.273	3
122.741	3
87.284	3
85.314	3
139.393	3
82.046	3
32.327	2
72.656	3
29.804	2
56.407	3
81.554	3
122.048	3
138.996	3
2.083	1
10.096	2
79.445	3
4.007	1
58.038	3
70.629	3
33.935	2
48.769	3
5.506	1
113.641	3
43.620	3
3.396	1
6.002	1
113.270	3
29.939	2
22.584	2
81.815	3
49.802	3
39.734	2
72.212	3
99.561	3
110.162	3
16.759	2
20.280	2
98.363	3
130.862	3
70.323	3
90.793	3
72.649	3
98.950	3
30.567	2
34.156	2
4.760	1
19.350	2
126.268	3
6.114	1
129.364	3
7.901	1
30.571	2
75.097	3
73.273	3
23.770	2
27.905	2
127.978	3
100.098	3
116.778	3
52.619	3
118.564	3
122.021	3
2.546	1
128.636	3
0.362	1
40.141	3
46.028	3
76.259	3
112.770	3
63.107	3
112.839	3
45.166	3
63.392	3
38.792	2
84.947	3
21.156	2
95.259	3
17.541	2
77.669	3
17.583	2
49.238	3
99.349	3
61.745	3
88.438	3
85.745	3
7.045	1
63.903	3
62.800	3
100.389	3
70.333	3
73.978	3
44.703	3
17.495	2
18.596	2
84.737	3
61.730	3
121.643	3
36.138	2
132.554	3
1.192	1
23.603	2
39.694	2
6.263	1
77.056	3
57.384	3
16.866	2
105.894	3
120.178	3
92.323	3
121.342	3
118.627	3
38.184	2
65.989	3
33.625	2
86.455	3
123.404	3
109.808	3
28.797	2
59.747	3
128.328	3
43.927	3
96.224	3
13.929	2
99.699	3
121.479	3
40.656	3
31.073	2
74.085	3
30.144	2
33.392	2
126.088	3
41.883	3
1.780	1
40.250	3
87.784	3
32.379	2
43.900	3
77.590	3
85.103	3
52.843	3
76.217	3
94.689	3
80.026	3
2.141	1
43.636	3
30.024	2
22.807	2
138.799	3
14.668	2
26.129	2
3.745	1
109.980	3
126.921	3
33.823	2
86.618	3
25.035	2
14.651	2
13.077	2
29.942	2
74.108	3
137.402	3
65.668	3
65.494	3
110.030	3
108.687	3
11.428	2
75.467	3
16.317	2
46.371	3
61.278	3
137.479	3
122.567	3
80.255	3
111.236	3
12.209	2
8.469	1
18.517	2
32.821	2
17.615	2
106.132	3
120.997	3
137.285	3
101.174	3
7.863	1
99.238	3
116.571	3
99.081	3
103.021	3
2.551	1
19.363	2
81.580	3
102.431	3
62.337	3
118.135	3
7.706	1
22.902	2
37.736	2
3.055	1
17.082	2
37.624	2
71.944	3
30.772	2
1.444	1
114.569	3
33.526	2
84.627	3
34.628	2
120.572	3
40.962	3
90.412	3
14.135	2
29.634	2
69.010	3
7.722	1
137.250	3
133.758	3
5.505	1
139.675	3
12.015	2
15.364	2
53.457	3
108.527	3
132.802	3
43.001	3
51.161	3
28.167	2
86.917	3
83.756	3
51.058	3
27.640	2
4.422	1
27.186	2
15.751	2
0.966	1
130.330	3
21.362	2
53.223	3
2.543	1
35.791	2
138.926	3
113.135	3
131.404	3
67.003	3
118.270	3
87.768	3
10.107	2
129.932	3
100.945	3
124.365	3
97.777	3
139.987	3
114.572	3
124.391	3
129.185	3
21.516	2
30.557	2
83.344	3
51.946	3
106.980	3
79.011	3
125.412	3
31.723	2
12.729	2
81.171	3
44.752	3
20.292	2
118.351	3
57.006	3
65.943	3
87.448	3
25.018	2
100.359	3
15.107	2
34.625	2
17.246	2
116.116	3
74.962	3
105.819	3
101.621	3
90.570	3
108.851	3
128.350	3
77.380	3
109.043	3
138.267	3
111.541	3
41.367	3
81.081	3
44.115	3
27.298	2
135.419	3
99.158	3
83.114	3
18.916	2
90.154	3
91.497	3
26.377	2
2.346	1
134.455	3
29.698	2
92.526	3
67.561	3
115.187	3
49.426	3
106.143	3
119.473	3
53.570	3
74.276	3
12.314	2
25.538	2
136.043	3
90.418	3
123.159	3
104.479	3
111.567	3
40.608	3
97.272	3
129.767	3
44.742	3
82.901	3
43.306	3
23.273	2
97.265	3
66.048	3
81.957	3
62.238	3
104.843	3
9.465	1
33.986	2
29.682	2
54.155	3
67.585	3
80.386	3
60.237	3
21.782	2
54.359	3
22.808	2
134.510	3
117.909	3
119.312	3
68.610	3
79.747	3
95.323	3
87.265	3
89.298	3
107.526	3
43.084	3
8.034	1
92.446	3
77.596	3
102.756	3
43.707	3
82.021	3
139.112	3
46.101	3
102.356	3
84.862	3
24.061	2
0.497	1
7.580	1
78.042	3
6.297	1
61.536	3
74.577	3
5.338	1
11.263	2
24.105	2
75.756	3
89.850	3
23.921	2
47.945	3
0.940	1
101.292	3
38.629	2
24.397	2
132.349	3
22.556	2
136.191	3
93.578	3
95.641	3
32.971	2
36.878	2
5.847	1
34.070	2
42.660	3
45.895	3
73.202	3
77.146	3
58.261	3
102.797	3
73.564	3
82.383	3
73.744	3
104.009	3
2.049	1
72.130	3
79.042	3
59.123	3
124.302	3
117.940	3
109.396	3
114.167	3
7.201	1
102.042	3
115.887	3
2.804	1
14.158	2
91.285	3
1.539	1
138.038	3
49.501	3
54.310	3
4.441	1
30.306	2
106.709	3
74.681	3
71.572	3
57.673	3
35.748	2
118.816	3
98.904	3
51.162	3
57.929	3
138.720	3
3.053	1
28.370	2
102.659	3
30.464	2
67.599	3
137.596	3
22.094	2
130.389	3
21.432	2
45.109	3
80.420	3
46.541	3
136.842	3
108.413	3
90.516	3
63.795	3
37.842	2
13.358	2
16.596	2
57.399	3
107.741	3
98.598	3
5.776	1
56.831	3
74.615	3
60.344	3
78.088	3
56.696	3
54.847	3
9.895	1
67.664	3
0.021	1
44.376	3
120.691	3
39.587	2
0.165	1
137.012	3
132.876	3
5.002	1
104.387	3
4.539	1
4.463	1
9.914	1
68.231	3
84.572	3
95.886	3
136.376	3
16.734	2
39.813	2
8.625	1
41.871	3
68.022	3
134.609	3
22.575	2
118.445	3
33.322	2
75.420	3
34.682	2
18.170	2
108.964	3
0.001	1
62.137	3
9.160	1
94.947	3
3.193	1
107.885	3
20.800	2
11.983	2
90.113	3
63.309	3
36.955	2
102.747	3
65.369	3
103.219	3
74.621	3
88.616	3
106.514	3
101.112	3
98.200	3
29.489	2
86.616	3
120.663	3
0.474	1
26.583	2
21.284	2
50.120	3
132.675	3
16.998	2
54.043	3
56.877	3
11.219	2
20.591	2
108.500	3
64.470	3
8.544	1
29.817	2
115.710	3
43.251	3
91.149	3
57.371	3
12.707	2
23.573	2
109.613	3
13.090	2
125.240	3
43.564	3
56.466	3
90.151	3
99.763	3
93.530	3
12.622	2
0.498	1
121.676	3
127.234	3
127.809	3
7.032	1
114.291	3
110.591	3
53.972	3
103.796	3
83.632	3
27.828	2
34.751	2
119.903	3
21.371	2
82.330	3
43.481	3
61.712	3
42.333	3
0.132	1
90.984	3
89.019	3
5.562	1
63.762	3
88.443	3
135.694	3
36.705	2
31.691	2
20.586	2
67.473	3
124.503	3
24.046	2
128.457	3
126.997	3
122.172	3
119.910	3
39.040	2
86.053	3
7.789	1
132.343	3
10.206	2
88.294	3
72.510	3
34.175	2
11.245	2
4.006	1
44.083	3
55.941	3
2.192	1
123.312	3
77.570	3
23.437	2
8.501	1
104.947	3
18.282	2
46.923	3
65.056	3
81.821	3
7.567	1
65.224	3
25.320	2
58.752	3
113.072	3
65.791	3
116.596	3
22.585	2
118.315	3
90.424	3
68.377	3
10.479	2
29.367	2
93.651	3
72.383	3
9.807	1
20.978	2
48.930	3
93.273	3
16.871	2
44.036	3
125.711	3
50.670	3
45.894	3
30.937	2
102.575	3
78.685	3
58.100	3
98.206	3
15.016	2
68.135	3
20.921	2
23.650	2
1.082	1
16.320	2
75.722	3
16.424	2
97.316	3
82.256	3
113.614	3
125.232	3
117.571	3
28.819	2
18.947	2
102.427	3
81.668	3
51.054	3
13.465	2
132.165	3
116.101	3
75.700	3
23.994	2
13.299	2
26.678	2
69.741	3
103.325	3
133.085	3
24.979	2
111.281	3
5.386	1
131.654	3
38.786	2
31.495	2
137.495	3
20.302	2
6.162	1
15.896	2
72.885	3
89.458	3
23.497	2
133.133	3
49.413	3
90.304	3
130.642	3
20.485	2
91.410	3
66.144	3
21.879	2
0.456	1
109.054	3
10.475	2
121.397	3
56.767	3
7.750	1
36.695	2
127.252	3
125.743	3
90.802	3
92.457	3
73.196	3
71.396	3
86.077	3
26.041	2
40.461	3
134.629	3
18.532	2
26.704	2
68.072	3
37.619	2
8.291	1
18.877	2
76.131	3
33.173	2
80.707	3
129.406	3
62.102	3
35.738	2
126.265	3
7.082	1
14.006	2
115.699	3
15.486	2
23.442	2
30.654	2
17.858	2
30.065	2
3.235	1
2.781	1
81.388	3
11.159	2
80.794	3
124.109	3
130.676	3
132.814	3
102.911	3
26.039	2
79.915	3
24.520	2
139.457	3
46.596	3
89.311	3
6.258	1
4.770	1
40.168	3
122.402	3
0.802	1
116.012	3
100.376	3
12.892	2
15.977	2
104.670	3
71.906	3
107.259	3
7.073	1
98.551	3
87.600	3
62.864	3
100.277	3
17.450	2
25.260	2
12.930	2
65.496	3
64.850	3
78.098	3
8.977	1
20.759	2
11.196	2
5.422	1
120.107	3
34.282	2
18.095	2
78.596	3
74.687	3
116.713	3
12.326	2
106.381	3
96.176	3
13.022	2
136.465	3
109.530	3
137.616	3
3.726	1
23.518	2
8.051	1
37.966	2
67.625	3
95.280	3
15.433	2
15.534	2
22.212	2
115.171	3
91.722	3
27.213	2
31.489	2
65.501	3
79.985	3
84.176	3
65.237	3
139.763	3
26.584	2
108.916	3
55.093	3
97.234	3
106.899	3
15.951	2
35.362	2
74.568	3
98.163	3
82.865	3
67.262	3
26.141	2
1.205	1
48.273	3
81.068	3
109.161	3
21.983	2
7.398	1
99.611	3
136.127	3
132.473	3
24.985	2
64.222	3
88.009	3
47.602	3
117.009	3
122.064	3
130.652	3
131.289	3
107.850	3
56.463	3
83.308	3
18.555	2
119.905	3
115.696	3
65.413	3
120.009	3
127.586	3
59.398	3
1.851	1
106.502	3
75.157	3
113.396	3
15.953	2
8.215	1
41.019	3
60.958	3
129.413	3
25.608	2
135.434	3
36.364	2
138.154	3
14.628	2
123.167	3
91.774	3
54.872	3
63.383	3
100.277	3
33.039	2
7.361	1
133.170	3
69.316	3
68.174	3
10.588	2
40.987	3
57.677	3
82.592	3
128.468	3
61.865	3
84.163	3
38.296	2
63.985	3
23.088	2
13.403	2
13.845	2
2.225	1
111.205	3
53.120	3
125.624	3
67.569	3
118.762	3
64.605	3
67.241	3
85.184	3
67.198	3
63.727	3
4.105	1
56.663	3
34.464	2
102.138	3
107.248	3
70.628	3
15.882	2
17.987	2
36.696	2
133.362	3
34.194	2
80.626	3
26.927	2
31.624	2
63.310	3
60.373	3
127.061	3
112.408	3
34.573	2
69.262	3
54.531	3
26.567	2
74.795	3
19.762	2
44.535	3
135.671	3
139.992	3
41.438	3
70.277	3
34.225	2
40.058	3
2.611	1
133.557	3
105.245	3
109.948	3
3.092	1
81.643	3
109.300	3
56.268	3
21.073	2
124.048	3
97.143	3
23.527	2
59.689	3
108.649	3
59.052	3
6.326	1
78.716	3
117.035	3
89.366	3
72.050	3
33.617	2
79.228	3
92.004	3
26.710	2
1.268	1
88.461	3
20.586	2
45.646	3
20.264	2
77.456	3
49.189	3
121.535	3
57.342	3
43.450	3
24.167	2
34.011	2
69.139	3
84.755	3
129.306	3
57.697	3
101.551	3
116.109	3
76.093	3
134.153	3
22.401	2
38.089	2
36.861	2
9.270	1
105.064	3
18.603	2
55.749	3
5.449	1
75.031	3
68.312	3
103.065	3
20.397	2
11.480	2
49.576	3
82.731	3
127.191	3
23.341	2
107.913	3
139.803	3
29.582	2
30.598	2
83.593	3
27.583	2
57.866	3
13.707	2
76.021	3
78.989	3
55.571	3
12.059	2
136.162	3
26.266	2
6.814	1
38.501	2
53.319	3
79.272	3
20.324	2
18.044	2
71.015	3
117.457	3
81.179	3
92.390	3
52.741	3
4.918	1
73.069	3
13.748	2
0.152	1
22.754	2
41.988	3
110.812	3
104.566	3
78.482	3
70.265	3
5.865	1
138.145	3
63.223	3
60.515	3
18.083	2
127.302	3
2.922	1
8.891	1
107.825	3
111.767	3
40.279	3
99.791	3
79.085	3
130.393	3
30.518	2
118.905	3
53.375	3
0.007	1
28.650	2
102.432	3
31.406	2
17.168	2
111.652	3
107.733	3
138.355	3
104.907	3
87.776	3
115.111	3
87.588	3
31.937	2
123.845	3
20.387	2
75.645	3
30.356	2
104.513	3
49.377	3
88.277	3
30.309	2
43.463	3
97.214	3
37.191	2
102.087	3
115.686	3
78.554	3
122.934	3
42.056	3
16.203	2
72.481	3
117.025	3
48.270	3
4.929	1
12.699	2
23.675	2
25.322	2
139.528	3
57.321	3
136.961	3
100.634	3
28.357	2
43.172	3
108.571	3
133.469	3
106.743	3
90.170	3
10.233	2
93.542	3
105.982	3
34.311	2
18.676	2
81.351	3
50.571	3
12.618	2
35.098	2
37.810	2
42.810	3
29.824	2
39.207	2
8.769	1
5.757	1
108.440	3
99.831	3
43.286	3
135.531	3
76.783	3
21.970	2
123.055	3
76.023	3
24.242	2
102.769	3
5.681	1
28.356	2
20.492	2
26.476	2
79.434	3
1.735	1
54.641	3
129.249	3
11.633	2
41.274	3
18.450	2
41.406	3
12.462	2
112.179	3
41.502	3
78.129	3
9.093	1
4.320	1
20.890	2
26.627	2
125.523	3
82.779	3
79.170	3
41.563	3
104.268	3
68.103	3
13.814	2
102.594	3
125.226	3
28.616	2
134.653	3
137.063	3
127.722	3
51.056	3
135.123	3
45.784	3
87.827	3
131.271	3
113.438	3
47.938	3
42.814	3
82.987	3
113.300	3
25.244	2
6.629	1
121.821	3
78.932	3
16.076	2
9.548	1
62.967	3
131.525	3
75.110	3
55.132	3
49.006	3
135.039	3
12.917	2
10.230	2
105.363	3
67.378	3
21.854	2
93.174	3
74.188	3
130.674	3
16.667	2
91.435	3
9.402	1
110.013	3
20.845	2
29.358	2
116.182	3
35.086	2
137.283	3
6.759	1
29.020	2
30.006	2
91.046	3
30.075	2
78.366	3
91.194	3
80.128	3
112.617	3
72.953	3
85.618	3
12.404	2
0.883	1
69.217	3
103.735	3
26.279	2
38.862	2
67.251	3
45.417	3
68.142	3
103.517	3
38.589	2
70.251	3
53.820	3
39.010	2
117.612	3
48.766	3
18.895	2
8.232	1
16.564	2
2.900	1
117.290	3
6.438	1
29.823	2
8.291	1
54.477	3
109.344	3
32.503	2
113.040	3
9.322	1
97.822	3
44.304	3
34.135	2
105.679	3
14.573	2
54.021	3
6.521	1
115.146	3
101.134	3
31.606	2
86.199	3
88.498	3
31.122	2
31.346	2
91.240	3
99.751	3
94.563	3
76.830	3
67.043	3
98.975	3
4.704	1
24.565	2
1.554	1
109.421	3
122.259	3
37.209	2
21.426	2
6.257	1
124.033	3
113.941	3
12.766	2
89.405	3
22.733	2
83.836	3
33.161	2
40.945	3
5.677	1
48.368	3
20.833	2
75.410	3
33.750	2
56.506	3
103.442	3
51.313	3
66.287	3
57.799	3
108.978	3
90.414	3
96.180	3
40.020	3
49.471	3
130.935	3
83.193	3
7.634	1
119.516	3
93.766	3
12.441	2
47.756	3
137.006	3
25.430	2
128.740	3
88.847	3
104.689	3
74.070	3
87.843	3
19.784	2
64.217	3
43.529	3
24.871	2
109.079	3
38.796	2
1.178	1
109.451	3
27.269	2
139.454	3
13.892	2
64.248	3
105.002	3
9.181	1
66.307	3
6.071	1
126.925	3
129.833	3
4.176	1
36.407	2
52.337	3
121.902	3
123.544	3
55.499	3
66.502	3
102.870	3
137.005	3
85.665	3
126.862	3
5.154	1
8.477	1
10.000	2
23.020	2
84.240	3
115.949	3
12.491	2
9.151	1
16.203	2
15.311	2
20.286	2
9.418	1
122.378	3
106.646	3
4.034	1
41.451	3
95.988	3
4.410	1
92.254	3
3.996	1
24.469	2
71.052	3
55.951	3
9.538	1
78.144	3
128.611	3
31.142	2
121.645	3
138.868	3
11.987	2
15.182	2
49.068	3
23.864	2
79.183	3
81.568	3
119.006	3
35.209	2
31.673	2
86.316	3
51.762	3
127.742	3
139.827	3
127.056	3
52.942	3
6.763	1
38.672	2
26.632	2
70.208	3
32.435	2
1.572	1
120.404	3
120.697	3
138.502	3
79.609	3
37.259	2
97.519	3
12.267	2
49.535	3
121.929	3
91.581	3
38.996	2
87.497	3
94.732	3
36.934	2
113.711	3
19.342	2
41.288	3
48.014	3
87.952	3
9.826	1
128.837	3
133.783	3
60.304	3
59.575	3
11.005	2
110.043	3
23.698	2
96.671	3
33.659	2
88.214	3
11.384	2
101.022	3
69.310	3
106.638	3
95.426	3
0.812	1
16.208	2
26.071	2
15.842	2
90.281	3
84.548	3
56.000	3
17.213	2
6.564	1
92.078	3
48.402	3
22.018	2
4.677	1
6.728	1
80.654	3
8.541	1
131.402	3
49.257	3
7.591	1
29.079	2
72.281	3
33.761	2
5.130	1
73.213	3
7.041	1
102.508	3
13.039	2
46.883	3
25.013	2
57.932	3
19.208	2
20.342	2
79.028	3
105.022	3
46.298	3
28.282	2
129.676	3
55.520	3
65.203	3
81.180	3
18.177	2
31.908	2
62.995	3
28.586	2
43.289	3
103.340	3
8.488	1
57.799	3
25.005	2
20.641	2
67.859	3
66.745	3
63.762	3
68.104	3
21.643	2
126.340	3
58.210	3
121.785	3
25.491	2
112.427	3
100.793	3
18.639	2
42.853	3
66.945	3
78.043	3
95.999	3
35.913	2
35.076	2
29.729	2
112.159	3
24.534	2
75.284	3
50.695	3
95.036	3
137.863	3
119.084	3
61.178	3
68.999	3
9.801	1
56.558	3
77.357	3
48.872	3
32.195	2
110.129	3
30.311	2
117.216	3
57.052	3
33.531	2
68.534	3
129.939	3
26.465	2
55.336	3
61.908	3
106.997	3
20.207	2
57.714	3
0.837	1
106.368	3
112.153	3
100.983	3
61.527	3
131.265	3
55.164	3
57.963	3
28.551	2
52.825	3
36.002	2
122.424	3
21.219	2
74.786	3
71.735	3
50.000	3
107.667	3
92.292	3
9.417	1
94.018	3
1.990	1
19.951	2
93.207	3
100.279	3
100.300	3
131.256	3
118.059	3
62.355	3
123.954	3
20.578	2
121.887	3
29.264	2
7.944	1
84.696	3
16.791	2
119.618	3
32.786	2
5.495	1
126.764	3
34.109	2
26.492	2
57.681	3
103.943	3
33.919	2
95.638	3
126.696	3
60.900	3
41.205	3
109.151	3
19.980	2
3.223	1
107.217	3
47.252	3
5.046	1
19.594	2
56.778	3
62.074	3
10.218	2
74.954	3
46.945	3
117.037	3
36.278	2
4.979	1
92.865	3
108.513	3
36.896	2
112.964	3
5.360	1
129.390	3
70.102	3
123.445	3
14.335	2
116.035	3
49.051	3
52.823	3
85.514	3
49.188	3
96.119	3
7.154	1
138.435	3
64.907	3
10.899	2
56.447	3
52.157	3
119.974	3
76.207	3
42.455	3
32.127	2
85.389	3
90.306	3
137.920	3
0.284	1
71.170	3
115.688	3
94.039	3
133.283	3
41.711	3
115.861	3
32.028	2
12.262	2
39.628	2
2.816	1
22.260	2
115.998	3
18.094	2
93.400	3
11.411	2
11.116	2
49.290	3
111.806	3
125.015	3
105.633	3
127.668	3
54.229	3
134.636	3
18.898	2
110.045	3
136.642	3
40.406	3
20.439	2
111.437	3
37.613	2
73.788	3
85.356	3
86.985	3
126.563	3
31.199	2
30.407	2
1.743	1
54.026	3
19.375	2
93.490	3
138.775	3
27.636	2
81.147	3
96.074	3
1.529	1
123.126	3
67.172	3
44.899	3
125.748	3
1.743	1
38.073	2
91.796	3
12.529	2
114.439	3
79.079	3
18.852	2
114.161	3
100.551	3
29.661	2
29.417	2
109.327	3
121.255	3
0.494	1
30.471	2
79.409	3
77.675	3
13.431	2
40.615	3
84.470	3
8.228	1
75.705	3
37.300	2
14.665	2
32.989	2
111.369	3
107.860	3
65.784	3
44.492	3
2.986	1
36.690	2
104.277	3
23.976	2
50.421	3
99.684	3
60.745	3
132.865	3
7.690	1
114.116	3
16.368	2
9.852	1
64.258	3
37.883	2
95.265	3
95.803	3
103.644	3
30.327	2
8.085	1
38.844	2
40.968	3
3.987	1
40.712	3
32.229	2
25.313	2
4.344	1
22.543	2
134.269	3
31.725	2
92.339	3
32.864	2
23.015	2
62.612	3
84.306	3
31.346	2
20.222	2
45.047	3
0.480	1
53.377	3
42.108	3
29.673	2
18.524	2
125.923	3
24.021	2
0.967	1
132.481	3
50.220	3
24.437	2
76.833	3
65.123	3
16.625	2
43.577	3
133.932	3
9.114	1
31.858	2
127.757	3
73.289	3
115.042	3
8.418	1
37.653	2
3.582	1
76.411	3
135.957	3
3.123	1
85.278	3
26.543	2
113.427	3
48.759	3
116.706	3
60.584	3
88.235	3
14.448	2
118.542	3
118.604	3
21.273	2
73.919	3
57.697	3
130.155	3
20.034	2
127.965	3
86.628	3
9.955	1
66.743	3
98.025	3
109.433	3
100.919	3
9.007	1
87.869	3
110.382	3
14.881	2
0.339	1
22.092	2
74.250	3
69.176	3
74.989	3
10.507	2
114.606	3
71.104	3
8.434	1
19.156	2
12.856	2
69.382	3
99.689	3
34.158	2
126.271	3
14.742	2
38.625	2
10.825	2
57.396	3
120.872	3
17.435	2
115.083	3
59.181	3
34.558	2
59.707	3
58.380	3
129.373	3
31.360	2
80.009	3
16.994	2
7.340	1
43.762	3
32.141	2
26.792	2
64.385	3
115.350	3
28.124	2
125.750	3
131.943	3
126.925	3
9.978	1
29.019	2
82.434	3
113.610	3
124.391	3
83.405	3
18.942	2
129.949	3
137.995	3
74.131	3
20.931	2
7.123	1
62.759	3
18.913	2
13.767	2
20.847	2
24.365	2
14.573	2
26.090	2
14.121	2
59.508	3
86.164	3
122.718	3
99.438	3
80.449	3
121.879	3
1.001	1
116.309	3
139.288	3
38.619	2
4.907	1
22.130	2
134.277	3
16.403	2
61.007	3
135.495	3
62.186	3
54.218	3
124.512	3
122.358	3
29.469	2
110.920	3
44.274	3
123.660	3
21.503	2
73.787	3
47.433	3
6.564	1
118.973	3
51.306	3
52.738	3
41.165	3
34.960	2
45.278	3
88.407	3
51.529	3
10.052	2
7.928	1
122.772	3
117.123	3
127.931	3
34.168	2
66.803	3
92.615	3
43.891	3
16.829	2
73.273	3
116.443	3
131.792	3
37.209	2
85.349	3
27.547	2
26.335	2
73.796	3
19.238	2
100.644	3
3.531	1
113.633	3
136.649	3
103.247	3
23.350	2
47.698	3
5.153	1
126.633	3
113.514	3
64.791	3
77.822	3
69.422	3
4.961	1
54.933	3
40.162	3
137.495	3
10.529	2
65.400	3
70.718	3
71.059	3
17.792	2
119.140	3
75.665	3
41.743	3
109.383	3
130.065	3
138.491	3
80.028	3
92.698	3
13.952	2
128.809	3
55.175	3
3.466	1
8.243	1
121.520	3
44.161	3
0.135	1
119.448	3
1.327	1
0.906	1
27.527	2
1.343	1
95.995	3
66.225	3
124.944	3
74.861	3
80.038	3
6.925	1
33.376	2
62.594	3
68.951	3
64.539	3
51.229	3
62.238	3
42.866	3
52.672	3
13.164	2
85.000	3
41.687	3
101.920	3
111.576	3
28.499	2
55.092	3
111.899	3
82.289	3
4.366	1
4.884	1
79.259	3
102.249	3
137.170	3
117.739	3
89.554	3
114.957	3
100.539	3
91.790	3
13.028	2
84.915	3
31.227	2
108.088	3
29.431	2
41.104	3
16.944	2
38.495	2
116.068	3
19.973	2
139.192	3
114.017	3
88.329	3
1.134	1
56.492	3
101.237	3
93.959	3
22.498	2
67.292	3
54.820	3
23.507	2
95.817	3
77.540	3
131.696	3
80.736	3
122.877	3
23.981	2
33.175	2
4.570	1
108.233	3
27.678	2
113.566	3
71.823	3
103.475	3
1.961	1
100.067	3
69.439	3
101.847	3
99.908	3
118.269	3
24.428	2
102.100	3
5.777	1
52.279	3
22.681	2
139.797	3
62.375	3
119.903	3
26.046	2
113.917	3
110.150	3
75.487	3
66.543	3
65.764	3
32.445	2
131.470	3
8.976	1
104.075	3
2.211	1
5.905	1
83.806	3
58.675	3
90.271	3
30.756	2
94.735	3
76.117	3
50.138	3
74.743	3
75.013	3
6.668	1
81.293	3
75.947	3
4.853	1
89.123	3
125.181	3
24.999	2
24.408	2
110.136	3
132.692	3
35.821	2
9.179	1
138.494	3
12.526	2
23.724	2
82.921	3
38.794	2
2.793	1
92.641	3
47.014	3
45.606	3
42.776	3
69.138	3
46.573	3
63.944	3
81.886	3
17.415	2
79.173	3
43.195	3
67.873	3
28.544	2
58.740	3
42.404	3
113.982	3
62.795	3
45.435	3
99.626	3
45.521	3
40.858	3
62.542	3
68.392	3
46.961	3
21.800	2
113.734	3
51.036	3
50.082	3
100.329	3
27.666	2
116.748	3
136.715	3
72.121	3
32.473	2
5.213	1
107.817	3
17.998	2
25.975	2
0.480	1
26.491	2
78.049	3
63.780	3
128.621	3
55.676	3
113.243	3
77.568	3
25.494	2
70.208	3
72.880	3
95.144	3
108.125	3
29.932	2
11.418	2
86.397	3
33.928	2
70.888	3
127.904	3
6.400	1
104.181	3
102.764	3
25.185	2
94.922	3
7.177	1
88.604	3
1.874	1
120.954	3
121.207	3
123.100	3
0.356	1
8.745	1
107.052	3
17.762	2
46.000	3
58.292	3
113.458	3
111.442	3
9.988	1
107.915	3
29.500	2
5.345	1
53.280	3
0.499	1
130.132	3
0.700	1
88.526	3
60.988	3
98.815	3
120.739	3
113.798	3
101.509	3
109.381	3
20.304	2
49.812	3
124.597	3
30.181	2
137.602	3
0.046	1
25.947	2
117.963	3
97.933	3
138.018	3
55.678	3
126.951	3
129.933	3
0.369	1
65.524	3
36.442	2
36.873	2
102.158	3
2.258	1
20.754	2
111.076	3
57.053	3
62.484	3
44.071	3
89.130	3
13.954	2
0.638	1
110.058	3
29.309	2
134.017	3
25.959	2
125.058	3
15.178	2
89.085	3
11.541	2
69.364	3
116.958	3
11.900	2
32.570	2
97.533	3
101.686	3
67.283	3
44.640	3
58.741	3
26.707	2
36.793	2
17.565	2
117.253	3
26.544	2
89.814	3
63.437	3
30.693	2
15.455	2
41.400	3
94.649	3
80.284	3
14.559	2
13.314	2
111.914	3
47.318	3
110.004	3
74.603	3
7.536	1
125.662	3
87.707	3
64.661	3
31.567	2
55.190	3
35.816	2
45.470	3
16.854	2
4.169	1
126.836	3
58.913	3
56.577	3
37.111	2
139.772	3
32.036	2
6.299	1
14.589	2
15.742	2
25.421	2
5.878	1
22.846	2
8.821	1
18.949	2
79.241	3
94.139	3
117.852	3
17.328	2
27.798	2
2.335	1
10.651	2
122.540	3
17.088	2
1.118	1
105.953	3
34.532	2
21.435	2
43.514	3
9.024	1
79.606	3
4.944	1
132.475	3
32.974	2
50.080	3
74.142	3
2.745	1
78.972	3
50.668	3
55.449	3
85.526	3
30.748	2
30.485	2
36.100	2
74.396	3
69.505	3
119.485	3
31.154	2
67.405	3
47.684	3
127.129	3
102.302	3
39.779	2
101.916	3
43.178	3
62.829	3
6.942	1
24.532	2
30.886	2
131.570	3
115.976	3
0.166	1
1.485	1
139.969	3
89.175	3
8.515	1
37.602	2
126.819	3
68.744	3
62.931	3
117.747	3
138.428	3
96.590	3
112.112	3
15.216	2
49.243	3
19.800	2
20.367	2
52.467	3
99.578	3
94.594	3
92.591	3
30.031	2
97.784	3
56.712	3
91.572	3
127.970	3
139.781	3
80.273	3
72.319	3
131.776	3
11.533	2
20.448	2
46.678	3
41.477	3
18.408	2
17.338	2
66.927	3
32.076	2
100.384	3
95.389	3
11.641	2
49.868	3
32.569	2
82.207	3
65.031	3
43.256	3
78.290	3
53.288	3
96.909	3
27.627	2
63.493	3
44.557	3
68.326	3
86.173	3
11.771	2
3.760	1
14.443	2
68.936	3
107.508	3
119.318	3
1.199	1
3.693	1
0.484	1
13.008	2
96.399	3
15.047	2
59.569	3
20.483	2
51.899	3
71.671	3
109.213	3
91.425	3
138.943	3
138.071	3
50.099	3
53.125	3
39.551	2
135.723	3
22.393	2
65.978	3
26.112	2
14.708	2
6.147	1
12.290	2
92.360	3
27.899	2
21.561	2
100.100	3
15.950	2
73.788	3
23.533	2
44.961	3
96.795	3
46.143	3
24.468	2
127.993	3
90.394	3
2.066	1
91.699	3
29.454	2
56.377	3
5.878	1
24.138	2
71.345	3
105.471	3
125.684	3
28.020	2
38.879	2
39.444	2
85.040	3
70.810	3
120.630	3
67.760	3
8.102	1
33.215	2
72.026	3
19.610	2
7.795	1
36.236	2
27.338	2
4.012	1
63.777	3
71.520	3
2.774	1
115.799	3
41.203	3
135.082	3
54.196	3
66.387	3
27.809	2
92.864	3
119.465	3
20.504	2
90.742	3
55.063	3
89.402	3
124.982	3
3.793	1
119.366	3
134.059	3
94.985	3
39.692	2
99.619	3
5.669	1
13.081	2
9.805	1
98.601	3
113.542	3
58.943	3
123.264	3
7.246	1
130.540	3
86.100	3
70.234	3
109.218	3
85.577	3
136.705	3
18.967	2
76.369	3
105.688	3
102.594	3
36.001	2
97.548	3
136.588	3
40.713	3
32.525	2
16.869	2
84.505	3
132.669	3
59.171	3
85.526	3
136.325	3
35.184	2
50.216	3
71.632	3
39.895	2
8.458	1
8.423	1
28.108	2
35.763	2
79.163	3
36.557	2
76.546	3
47.779	3
81.687	3
35.364	2
109.917	3
12.436	2
137.489	3
10.532	2
133.342	3
103.778	3
84.242	3
26.010	2
72.348	3
33.879	2
95.005	3
19.759	2
18.504	2
21.562	2
128.288	3
4.270	1
2.881	1
64.326	3
129.952	3
23.343	2
104.261	3
36.733	2
39.738	2
112.109	3
82.031	3
43.945	3
123.152	3
104.301	3
14.575	2
18.963	2
78.143	3
130.695	3
27.772	2
135.995	3
39.402	2
46.069	3
87.894	3
36.809	2
59.579	3
45.893	3
108.313	3
47.012	3
75.040	3
47.696	3
18.784	2
122.401	3
113.687	3
17.080	2
134.139	3
3.464	1
107.671	3
57.908	3
52.409	3
130.899	3
129.994	3
64.019	3
22.709	2
38.310	2
14.117	2
25.455	2
11.364	2
61.483	3
102.223	3
17.472	2
104.887	3
14.961	2
30.580	2
94.403	3
27.058	2
21.684	2
23.115	2
38.672	2
3.828	1
46.132	3
94.582	3
93.433	3
133.436	3
122.954	3
0.971	1
95.806	3
42.996	3
101.553	3
20.267	2
113.977	3
79.623	3
89.293	3
12.468	2
100.305	3
44.126	3
66.847	3
73.714	3
80.398	3
19.759	2
103.127	3
35.012	2
138.794	3
36.541	2
105.772	3
119.210	3
86.475	3
53.793	3
35.092	2
104.774	3
62.357	3
111.205	3
104.439	3
73.097	3
20.716	2
17.760	2
26.937	2
33.070	2
23.163	2
31.374	2
76.302	3
8.164	1
139.865	3
53.948	3
33.009	2
40.287	3
105.981	3
58.439	3
110.861	3
28.635	2
82.201	3
11.635	2
124.796	3
102.218	3
54.371	3
132.186	3
0.929	1
132.019	3
22.790	2
48.654	3
108.087	3
33.641	2
125.898	3
130.226	3
13.700	2
77.077	3
112.172	3
73.340	3
136.682	3
65.598	3
90.310	3
127.267	3
103.360	3
21.322	2
132.604	3
55.827	3
1.329	1
45.024	3
24.733	2
60.367	3
66.022	3
2.874	1
2.984	1
114.945	3
54.188	3
105.984	3
99.773	3
42.585	3
42.573	3
43.904	3
17.533	2
39.525	2
136.161	3
109.998	3
14.742	2
101.513	3
119.358	3
9.919	1
31.239	2
111.613	3
12.813	2
66.928	3
50.521	3
71.690	3
7.647	1
36.634	2
128.631	3
66.669	3
75.037	3
78.897	3
6.676	1
6.857	1
139.193	3
120.145	3
29.749	2
71.745	3
4.425	1
130.172	3
32.327	2
21.881	2
56.660	3
63.590	3
126.371	3
135.088	3
81.485	3
29.706	2
3.102	1
18.710	2
108.241	3
108.267	3
28.130	2
79.048	3
105.298	3
27.208	2
134.728	3
81.899	3
73.468	3
135.788	3
119.447	3
86.783	3
77.588	3
86.863	3
90.764	3
34.682	2
92.353	3
59.236	3
65.039	3
13.161	2
0.127	1
108.676	3
42.345	3
46.185	3
125.374	3
76.975	3
21.803	2
65.346	3
36.435	2
17.958	2
124.829	3
47.616	3
43.761	3
85.274	3
134.232	3
67.787	3
35.565	2
35.380	2
18.172	2
28.076	2
124.720	3
34.568	2
117.045	3
19.423	2
125.498	3
53.872	3
6.133	1
67.211	3
112.449	3
92.288	3
36.191	2
45.462	3
87.963	3
117.611	3
129.160	3
49.138	3
94.699	3
0.839	1
21.006	2
65.591	3
124.666	3
19.204	2
30.004	2
131.503	3
17.493	2
55.002	3
114.591	3
130.010	3
41.017	3
133.849	3
44.511	3
88.134	3
19.324	2
110.919	3
18.674	2
116.894	3
19.499	2
37.734	2
83.769	3
60.325	3
123.561	3
108.087	3
66.367	3
65.052	3
4.376	1
12.655	2
66.816	3
100.773	3
125.416	3
6.432	1
0.793	1
24.555	2
26.076	2
18.487	2
13.850	2
2.494	1
101.166	3
75.232	3
110.580	3
18.594	2
82.170	3
35.565	2
36.916	2
8.232	1
102.510	3
34.187	2
13.760	2
6.233	1
43.710	3
89.727	3
62.643	3
102.656	3
7.986	1
136.210	3
66.183	3
18.810	2
27.705	2
124.128	3
79.622	3
100.888	3
134.007	3
134.163	3
7.215	1
129.056	3
44.220	3
124.515	3
130.775	3
69.531	3
84.725	3
89.840	3
52.846	3
115.491	3
73.596	3
73.262	3
134.007	3
88.107	3
108.201	3
25.564	2
120.777	3
38.969	2
39.265	2
3.656	1
129.947	3
130.716	3
14.830	2
11.885	2
119.646	3
123.735	3
48.226	3
137.699	3
83.017	3
39.264	2
26.842	2
57.812	3
29.616	2
65.918	3
94.005	3
24.841	2
72.265	3
3.403	1
112.595	3
70.934	3
12.103	2
29.080	2
38.868	2
27.810	2
129.527	3
80.415	3
128.278	3
33.264	2
30.403	2
124.223	3
17.160	2
114.183	3
108.276	3
12.704	2
90.951	3
92.309	3
38.656	2
115.630	3
124.045	3
121.917	3
107.451	3
130.122	3
98.069	3
29.384	2
37.122	2
23.678	2
80.905	3
32.295	2
100.706	3
36.447	2
80.736	3
15.229	2
15.915	2
25.142	2
27.155	2
139.070	3
89.669	3
78.308	3
15.371	2
43.223	3
52.485	3
89.146	3
8.194	1
129.035	3
116.328	3
137.055	3
85.388	3
36.126	2
30.047	2
60.793	3
139.410	3
30.937	2
30.831	2
37.826	2
18.527	2
21.498	2
75.294	3
2.131	1
22.514	2
21.347	2
128.150	3
7.291	1
4.892	1
70.014	3
97.620	3
99.582	3
80.750	3
1.128	1
18.551	2
27.419	2
117.775	3
53.378	3
87.846	3
69.209	3
125.476	3
6.636	1
47.238	3
3.455	1
65.191	3
7.084	1
83.181	3
13.115	2
122.727	3
1.965	1
89.971	3
125.055	3
27.178	2
52.063	3
20.471	2
31.637	2
113.336	3
58.144	3
92.197	3
67.260	3
121.924	3
73.342	3
9.134	1
105.488	3
86.709	3
37.206	2
107.851	3
24.739	2
133.389	3
72.499	3
25.934	2
101.627	3
139.829	3
37.914	2
34.110	2
31.238	2
98.395	3
11.931	2
54.577	3
51.425	3
9.396	1
139.511	3
48.869	3
129.552	3
128.074	3
14.481	2
60.265	3
3.879	1
80.882	3
102.630	3
66.424	3
23.412	2
20.257	2
22.998	2
15.620	2
120.723	3
48.710	3
74.119	3
91.693	3
11.776	2
101.449	3
24.125	2
91.769	3
15.538	2
5.830	1
38.590	2
12.011	2
79.930	3
114.803	3
76.444	3
48.729	3
89.132	3
21.408	2
109.116	3
56.334	3
10.117	2
124.719	3
137.396	3
33.048	2
9.861	1
27.688	2
94.329	3
61.966	3
83.212	3
88.719	3
113.266	3
9.103	1
60.765	3
117.658	3
119.129	3
122.121	3
93.949	3
33.392	2
32.429	2
28.158	2
12.901	2
2.826	1
122.934	3
45.690	3
104.132	3
31.024	2
8.469	1
71.745	3
46.503	3
96.101	3
43.775	3
76.713	3
2.293	1
10.640	2
86.355	3
45.961	3
76.651	3
13.674	2
42.096	3
56.147	3
87.253	3
110.956	3
119.958	3
5.104	1
36.277	2
37.131	2
5.964	1
94.875	3
11.430	2
60.371	3
128.311	3
106.363	3
114.032	3
73.876	3
30.642	2
133.900	3
126.693	3
62.380	3
70.464	3
132.777	3
10.651	2
129.590	3
25.758	2
24.053	2
26.282	2
137.292	3
62.994	3
67.884	3
20.841	2
32.239	2
0.753	1
52.885	3
41.378	3
108.018	3
4.707	1
128.586	3
74.089	3
96.064	3
97.551	3
111.402	3
115.869	3
80.045	3
116.280	3
56.343	3
135.890	3
10.535	2
104.545	3
32.944	2
101.010	3
26.410	2
15.796	2
44.603	3
27.033	2
27.974	2
65.652	3
83.330	3
9.497	1
13.137	2
97.420	3
91.175	3
110.119	3
127.017	3
11.935	2
66.795	3
84.567	3
78.747	3
8.875	1
98.128	3
28.490	2
0.226	1
101.422	3
69.102	3
14.634	2
36.308	2
30.947	2
8.564	1
16.150	2
90.342	3
132.756	3
31.982	2
83.566	3
87.077	3
54.202	3
54.273	3
22.291	2
107.419	3
115.758	3
68.745	3
52.022	3
113.777	3
49.402	3
26.237	2
7.457	1
89.014	3
78.484	3
134.637	3
110.023	3
47.852	3
123.223	3
132.907	3
72.078	3
84.058	3
84.609	3
50.207	3
111.041	3
99.022	3
93.285	3
85.434	3
0.352	1
27.478	2
61.140	3
70.015	3
12.292	2
19.407	2
15.826	2
117.766	3
69.432	3
120.052	3
18.878	2
17.844	2
53.257	3
12.351	2
61.072	3
59.642	3
12.658	2
86.794	3
30.874	2
79.543	3
22.413	2
86.830	3
60.322	3
35.724	2
5.434	1
82.101	3
93.232	3
1.075	1
128.529	3
38.810	2
12.922	2
4.040	1
79.144	3
3.724	1
66.651	3
132.913	3
125.853	3
107.966	3
96.689	3
22.457	2
38.038	2
32.144	2
32.514	2
98.394	3
55.162	3
41.126	3
16.411	2
122.461	3
44.249	3
23.938	2
66.111	3
60.926	3
131.860	3
81.532	3
130.617	3
100.956	3
79.786	3
103.611	3
66.531	3
119.690	3
117.564	3
0.808	1
106.054	3
12.838	2
58.245	3
27.082	2
16.959	2
101.897	3
102.992	3
76.448	3
12.341	2
58.238	3
20.284	2
16.585	2
39.518	2
85.285	3
18.304	2
30.600	2
18.460	2
32.678	2
64.313	3
11.207	2
34.503	2
63.890	3
93.532	3
65.140	3
19.149	2
116.818	3
13.150	2
34.795	2
125.031	3
78.846	3
76.055	3
15.967	2
93.703	3
11.774	2
24.095	2
127.796	3
10.103	2
124.995	3
128.117	3
136.837	3
115.180	3
103.506	3
133.377	3
44.007	3
75.866	3
134.256	3
61.462	3
68.272	3
25.050	2
121.952	3
1.253	1
55.373	3
82.910	3
79.976	3
134.359	3
134.790	3
1.629	1
61.582	3
47.088	3
32.532	2
43.114	3
84.167	3
99.635	3
67.787	3
55.753	3
22.684	2
18.916	2
74.690	3
80.198	3
135.042	3
46.579	3
132.240	3
48.643	3
3.322	1
39.752	2
74.807	3
132.164	3
0.945	1
89.974	3
73.391	3
29.891	2
55.221	3
101.344	3
16.836	2
102.689	3
12.081	2
62.950	3
130.050	3
86.755	3
133.264	3
81.012	3
85.157	3
31.404	2
4.052	1
37.843	2
113.905	3
43.113	3
42.558	3
85.364	3
91.856	3
61.506	3
54.567	3
123.807	3
5.031	1
31.682	2
65.267	3
77.751	3
68.438	3
137.086	3
88.129	3
44.183	3
135.683	3
131.815	3
66.336	3
133.497	3
19.101	2
20.091	2
50.137	3
138.669	3
38.580	2
100.533	3
60.301	3
65.390	3
100.081	3
74.059	3
135.840	3
111.875	3
92.047	3
87.166	3
119.860	3
78.258	3
88.277	3
80.926	3
122.769	3
39.838	2
2.135	1
100.130	3
12.767	2
4.847	1
12.919	2
100.821	3
114.354	3
37.027	2
136.026	3
18.141	2
77.024	3
60.713	3
98.587	3
30.126	2
33.762	2
106.711	3
21.204	2
